TN:
SF:src/core/core.supermodule.facade.module.ts
FN:21,(anonymous_0)
FNF:1
FNH:1
FNDA:2325,(anonymous_0)
DA:21,2325
LF:1
LH:1
BRF:0
BRH:0
end_of_record
TN:
SF:src/core/core.supermodule.facade.ts
FN:18,(anonymous_0)
FNF:1
FNH:1
FNDA:775,(anonymous_0)
DA:20,775
DA:22,775
DA:24,775
DA:26,775
DA:28,775
DA:30,775
DA:32,775
DA:34,775
DA:36,775
DA:38,775
DA:40,775
DA:42,775
LF:12
LH:12
BRF:0
BRH:0
end_of_record
TN:
SF:src/core/addresses/adapters/addresses.service.adapter.ts
FN:8,(anonymous_0)
FN:12,(anonymous_1)
FN:16,(anonymous_2)
FN:237,(anonymous_3)
FNF:4
FNH:4
FNDA:2,(anonymous_0)
FNDA:3,(anonymous_1)
FNDA:2,(anonymous_2)
FNDA:3,(anonymous_3)
DA:9,2
DA:13,3
DA:18,2
DA:238,3
DA:239,1
DA:242,2
LF:6
LH:6
BRDA:238,0,0,1
BRDA:238,0,1,2
BRF:2
BRH:2
end_of_record
TN:
SF:src/core/addresses/constants/addresses.constants.ts
FNF:0
FNH:0
DA:1,1
LF:1
LH:1
BRF:0
BRH:0
end_of_record
TN:
SF:src/core/addresses/controllers/addresses.controller.ts
FN:21,(anonymous_0)
FN:41,(anonymous_1)
FN:61,(anonymous_2)
FNF:3
FNH:3
FNDA:1,(anonymous_0)
FNDA:1,(anonymous_1)
FNDA:1,(anonymous_2)
DA:28,1
DA:42,1
DA:64,1
LF:3
LH:3
BRF:0
BRH:0
end_of_record
TN:
SF:src/core/addresses/entities/country-item.entity.ts
FN:11,(anonymous_0)
FNF:1
FNH:1
FNDA:1,(anonymous_0)
DA:5,1
DA:12,424
LF:2
LH:2
BRF:0
BRH:0
end_of_record
TN:
SF:src/core/addresses/entities/country-state-item.entity.ts
FN:12,(anonymous_0)
FNF:1
FNH:1
FNDA:1,(anonymous_0)
DA:5,1
DA:13,54
LF:2
LH:2
BRF:0
BRH:0
end_of_record
TN:
SF:src/core/addresses/lazy-adapters/addresses.service.lazy.adapter.ts
FN:7,(anonymous_0)
FN:9,(anonymous_1)
FN:14,(anonymous_2)
FNF:3
FNH:3
FNDA:1,(anonymous_0)
FNDA:2,(anonymous_1)
FNDA:3,(anonymous_2)
DA:7,1
DA:10,2
DA:11,2
DA:15,3
DA:16,3
LF:5
LH:5
BRF:0
BRH:0
end_of_record
TN:
SF:src/core/addresses/modules/addresses.lazy.module.loader.ts
FN:13,(anonymous_0)
FN:15,(anonymous_1)
FN:19,(anonymous_2)
FN:22,(anonymous_3)
FN:25,(anonymous_4)
FN:38,(anonymous_5)
FNF:6
FNH:6
FNDA:1,(anonymous_0)
FNDA:5,(anonymous_1)
FNDA:1,(anonymous_2)
FNDA:1,(anonymous_3)
FNDA:1,(anonymous_4)
FNDA:5,(anonymous_5)
DA:10,1
DA:11,1
DA:13,1
DA:16,5
DA:17,5
DA:19,1
DA:21,1
DA:22,1
DA:25,1
DA:26,1
DA:27,1
DA:28,1
DA:29,1
DA:31,1
DA:35,1
DA:39,5
DA:40,5
LF:17
LH:17
BRDA:16,0,0,0
BRDA:16,0,1,5
BRDA:17,1,0,4
BRDA:17,1,1,1
BRF:4
BRH:3
end_of_record
TN:
SF:src/core/addresses/modules/addresses.lazy.module.ts
FNF:0
FNH:0
LF:0
LH:0
BRF:0
BRH:0
end_of_record
TN:
SF:src/core/addresses/modules/addresses.module.ts
FNF:0
FNH:0
LF:0
LH:0
BRF:0
BRH:0
end_of_record
TN:
SF:src/core/addresses/ports/addresses.service.port.ts
FNF:0
FNH:0
LF:0
LH:0
BRF:0
BRH:0
end_of_record
TN:
SF:src/core/analytics/adapters/financial-records-reports-facade.service.adapter.ts
FN:13,(anonymous_0)
FN:20,(anonymous_1)
FNF:2
FNH:1
FNDA:775,(anonymous_0)
FNDA:0,(anonymous_1)
DA:15,775
DA:17,775
DA:21,0
DA:24,0
LF:4
LH:2
BRF:0
BRH:0
end_of_record
TN:
SF:src/core/analytics/constants/analytics.constants.ts
FNF:0
FNH:0
DA:1,0
DA:3,0
DA:4,0
LF:3
LH:0
BRF:0
BRH:0
end_of_record
TN:
SF:src/core/analytics/modules/analytics.lazy.module.ts
FN:16,(anonymous_0)
FNF:1
FNH:1
FNDA:773,(anonymous_0)
DA:20,773
DA:24,195
DA:26,578
LF:3
LH:3
BRDA:20,0,0,195
BRDA:20,0,1,578
BRDA:20,1,0,773
BRDA:20,1,1,773
BRF:4
BRH:4
end_of_record
TN:
SF:src/core/analytics/ports/financial-records-reports-facade.port.ts
FNF:0
FNH:0
LF:0
LH:0
BRF:0
BRH:0
end_of_record
TN:
SF:src/core/bank-accounts/adapters/bank-accounts.service.adapter.ts
FN:52,(anonymous_0)
FN:77,(anonymous_1)
FN:98,(anonymous_2)
FN:109,(anonymous_3)
FN:120,(anonymous_4)
FN:192,(anonymous_5)
FN:252,(anonymous_6)
FN:274,(anonymous_7)
FN:287,(anonymous_8)
FN:302,(anonymous_9)
FN:321,(anonymous_10)
FN:347,(anonymous_11)
FN:374,(anonymous_12)
FN:384,(anonymous_13)
FN:465,(anonymous_14)
FN:475,(anonymous_15)
FN:486,(anonymous_16)
FN:500,(anonymous_17)
FN:531,(anonymous_18)
FN:548,(anonymous_19)
FN:576,(anonymous_20)
FN:580,(anonymous_21)
FN:591,(anonymous_22)
FN:668,(anonymous_23)
FN:724,(anonymous_24)
FN:64,(anonymous_25)
FNF:26
FNH:26
FNDA:84,(anonymous_0)
FNDA:5,(anonymous_1)
FNDA:8,(anonymous_2)
FNDA:707,(anonymous_3)
FNDA:1033,(anonymous_4)
FNDA:31891,(anonymous_5)
FNDA:7,(anonymous_6)
FNDA:413,(anonymous_7)
FNDA:3,(anonymous_8)
FNDA:2884,(anonymous_9)
FNDA:8,(anonymous_10)
FNDA:7,(anonymous_11)
FNDA:10,(anonymous_12)
FNDA:10,(anonymous_13)
FNDA:8,(anonymous_14)
FNDA:1,(anonymous_15)
FNDA:1,(anonymous_16)
FNDA:1,(anonymous_17)
FNDA:9,(anonymous_18)
FNDA:7,(anonymous_19)
FNDA:115,(anonymous_20)
FNDA:26,(anonymous_21)
FNDA:26,(anonymous_22)
FNDA:291,(anonymous_23)
FNDA:7,(anonymous_24)
FNDA:84,(anonymous_25)
DA:64,84
DA:73,84
DA:84,5
DA:94,5
DA:103,8
DA:116,707
DA:118,707
DA:119,707
DA:120,707
DA:121,1033
DA:122,1
DA:127,1032
DA:128,5
DA:133,1027
DA:137,731
DA:144,1
DA:150,730
DA:156,1
DA:161,729
DA:162,1
DA:168,728
DA:169,1
DA:182,728
DA:184,728
DA:185,604
DA:189,728
DA:190,724
DA:191,724
DA:192,31891
DA:194,724
DA:195,1
DA:197,723
DA:200,727
DA:203,727
DA:204,7
DA:207,727
DA:221,711
DA:230,697
DA:233,707
DA:235,697
DA:242,697
DA:248,697
DA:257,7
DA:260,5
DA:261,5
DA:264,5
DA:281,413
DA:285,412
DA:286,2
DA:288,3
DA:293,2
DA:298,410
DA:309,2884
DA:313,2870
DA:314,2
DA:318,2868
DA:330,8
DA:340,8
DA:341,1
DA:356,7
DA:366,7
DA:367,1
DA:381,10
DA:383,10
DA:384,10
DA:385,10
DA:391,8
DA:397,7
DA:403,6
DA:413,6
DA:416,6
DA:425,6
DA:428,6
DA:429,1
DA:434,5
DA:440,5
DA:451,5
DA:453,10
DA:455,10
DA:456,5
DA:457,5
DA:470,8
DA:473,8
DA:474,1
DA:476,1
DA:482,7
DA:496,1
DA:497,1
DA:499,1
DA:500,1
DA:501,1
DA:507,1
DA:508,1
DA:509,1
DA:511,1
DA:526,1
DA:540,9
DA:555,7
DA:556,7
DA:564,7
DA:565,7
DA:566,1
DA:574,1
DA:576,115
DA:587,26
DA:588,26
DA:590,26
DA:591,26
DA:592,26
DA:598,24
DA:599,1
DA:604,23
DA:605,1
DA:610,22
DA:620,22
DA:623,22
DA:628,1
DA:633,21
DA:634,19
DA:638,1
DA:645,20
DA:651,1
DA:665,20
DA:666,6
DA:667,6
DA:668,291
DA:670,6
DA:671,1
DA:673,5
DA:676,19
DA:682,19
DA:683,1
DA:686,18
DA:690,1
DA:695,17
DA:704,17
DA:705,1
DA:709,16
DA:712,26
DA:714,17
DA:720,17
DA:731,7
LF:142
LH:142
BRDA:121,0,0,1
BRDA:121,0,1,1032
BRDA:121,1,0,1033
BRDA:121,1,1,5
BRDA:127,2,0,5
BRDA:127,2,1,1027
BRDA:127,3,0,1032
BRDA:127,3,1,1028
BRDA:137,4,0,1
BRDA:137,4,1,730
BRDA:138,5,0,731
BRDA:138,5,1,723
BRDA:138,5,2,722
BRDA:138,5,3,722
BRDA:138,5,4,722
BRDA:150,6,0,1
BRDA:150,6,1,729
BRDA:151,7,0,730
BRDA:151,7,1,27
BRDA:151,7,2,26
BRDA:151,7,3,26
BRDA:161,8,0,1
BRDA:161,8,1,728
BRDA:161,9,0,729
BRDA:161,9,1,8
BRDA:168,10,0,1
BRDA:168,10,1,727
BRDA:168,11,0,728
BRDA:168,11,1,2
BRDA:184,12,0,604
BRDA:184,12,1,124
BRDA:184,13,0,728
BRDA:184,13,1,610
BRDA:189,14,0,724
BRDA:189,14,1,4
BRDA:194,15,0,1
BRDA:194,15,1,723
BRDA:203,16,0,7
BRDA:203,16,1,720
BRDA:257,17,0,2
BRDA:257,17,1,5
BRDA:285,18,0,2
BRDA:285,18,1,410
BRDA:313,19,0,2
BRDA:313,19,1,2868
BRDA:340,20,0,1
BRDA:340,20,1,7
BRDA:366,21,0,1
BRDA:366,21,1,6
BRDA:428,22,0,1
BRDA:428,22,1,5
BRDA:428,23,0,6
BRDA:428,23,1,4
BRDA:455,24,0,5
BRDA:455,24,1,5
BRDA:456,25,0,5
BRDA:456,25,1,0
BRDA:473,26,0,1
BRDA:473,26,1,7
BRDA:507,27,0,1
BRDA:507,27,1,0
BRDA:598,28,0,1
BRDA:598,28,1,23
BRDA:598,29,0,24
BRDA:598,29,1,1
BRDA:604,30,0,1
BRDA:604,30,1,22
BRDA:604,31,0,23
BRDA:604,31,1,3
BRDA:623,32,0,1
BRDA:623,32,1,21
BRDA:624,33,0,22
BRDA:624,33,1,18
BRDA:624,33,2,1
BRDA:633,34,0,19
BRDA:633,34,1,2
BRDA:634,35,0,1
BRDA:634,35,1,18
BRDA:635,36,0,19
BRDA:635,36,1,18
BRDA:645,37,0,1
BRDA:645,37,1,19
BRDA:646,38,0,20
BRDA:646,38,1,18
BRDA:646,38,2,2
BRDA:646,38,3,2
BRDA:665,39,0,6
BRDA:665,39,1,14
BRDA:670,40,0,1
BRDA:670,40,1,5
BRDA:682,41,0,1
BRDA:682,41,1,18
BRDA:682,42,0,19
BRDA:682,42,1,16
BRDA:682,42,2,1
BRDA:686,43,0,1
BRDA:686,43,1,17
BRDA:687,44,0,18
BRDA:687,44,1,2
BRDA:704,45,0,1
BRDA:704,45,1,16
BRF:101
BRH:99
end_of_record
TN:
SF:src/core/bank-accounts/adapters/export-bank-accounts-scheduler.service.adapter.ts
FN:23,(anonymous_0)
FN:35,(anonymous_1)
FNF:2
FNH:2
FNDA:84,(anonymous_0)
FNDA:2,(anonymous_1)
DA:32,84
DA:42,2
DA:55,2
DA:63,2
LF:4
LH:4
BRF:0
BRH:0
end_of_record
TN:
SF:src/core/bank-accounts/adapters/export-bank-accounts.strategy.adapter.ts
FN:29,(anonymous_0)
FN:63,(anonymous_1)
FN:81,(anonymous_2)
FNF:3
FNH:3
FNDA:84,(anonymous_0)
FNDA:2,(anonymous_1)
FNDA:2,(anonymous_2)
DA:50,84
DA:67,2
DA:73,2
DA:78,2
DA:85,2
DA:86,2
DA:87,2
DA:88,2
DA:94,2
DA:99,2
DA:100,4
DA:103,2
DA:104,2
LF:13
LH:13
BRF:0
BRH:0
end_of_record
TN:
SF:src/core/bank-accounts/adapters/mongodb-bank-accounts.repository.adapter.ts
FN:55,(anonymous_0)
FN:71,(anonymous_1)
FN:77,(anonymous_2)
FN:80,(anonymous_3)
FN:84,(anonymous_4)
FN:103,(anonymous_5)
FN:109,(anonymous_6)
FN:113,(anonymous_7)
FN:118,(anonymous_8)
FN:153,(anonymous_9)
FN:179,(anonymous_10)
FN:180,(anonymous_11)
FN:209,(anonymous_12)
FN:234,(anonymous_13)
FN:235,(anonymous_14)
FN:347,(anonymous_15)
FN:418,(anonymous_16)
FN:423,(anonymous_17)
FN:432,(anonymous_18)
FN:436,(anonymous_19)
FN:437,(anonymous_20)
FN:445,(anonymous_21)
FN:462,(anonymous_22)
FN:469,(anonymous_23)
FN:471,(anonymous_24)
FN:496,(anonymous_25)
FN:519,(anonymous_26)
FN:553,(anonymous_27)
FN:576,(anonymous_28)
FN:583,(anonymous_29)
FNF:30
FNH:29
FNDA:84,(anonymous_0)
FNDA:2,(anonymous_1)
FNDA:2,(anonymous_2)
FNDA:0,(anonymous_3)
FNDA:5328,(anonymous_4)
FNDA:5163,(anonymous_5)
FNDA:3661,(anonymous_6)
FNDA:15,(anonymous_7)
FNDA:455,(anonymous_8)
FNDA:20,(anonymous_9)
FNDA:2,(anonymous_10)
FNDA:2,(anonymous_11)
FNDA:3,(anonymous_12)
FNDA:1,(anonymous_13)
FNDA:1,(anonymous_14)
FNDA:6,(anonymous_15)
FNDA:6,(anonymous_16)
FNDA:6,(anonymous_17)
FNDA:6,(anonymous_18)
FNDA:605,(anonymous_19)
FNDA:605,(anonymous_20)
FNDA:3,(anonymous_21)
FNDA:603,(anonymous_22)
FNDA:4,(anonymous_23)
FNDA:176,(anonymous_24)
FNDA:1034,(anonymous_25)
FNDA:8,(anonymous_26)
FNDA:8,(anonymous_27)
FNDA:1,(anonymous_28)
FNDA:6,(anonymous_29)
DA:68,84
DA:74,2
DA:75,2
DA:76,2
DA:77,2
DA:81,0
DA:92,5328
DA:106,5163
DA:110,3661
DA:111,13
DA:113,15
DA:127,455
DA:128,455
DA:130,455
DA:132,455
DA:133,455
DA:135,455
DA:139,455
DA:140,455
DA:145,455
DA:146,455
DA:147,455
DA:148,455
DA:149,455
DA:150,455
DA:151,1
DA:152,455
DA:153,20
DA:156,455
DA:162,455
DA:163,4
DA:169,4
DA:171,1
DA:179,2
DA:180,2
DA:181,1
DA:184,1
DA:185,0
DA:197,3
DA:198,3
DA:199,3
DA:201,3
DA:202,3
DA:209,3
DA:212,3
DA:213,1
DA:225,2
DA:234,2
DA:235,2
DA:236,2
DA:239,2
DA:240,1
DA:343,450
DA:347,6
DA:351,455
DA:352,455
DA:355,455
DA:364,455
DA:366,455
DA:367,446
DA:368,446
DA:369,446
DA:370,446
DA:371,446
DA:375,450
DA:376,446
DA:377,446
DA:380,450
DA:385,455
DA:388,4
DA:396,4
DA:399,446
DA:416,450
DA:418,6
DA:419,4
DA:422,4
DA:424,6
DA:425,6
DA:426,6
DA:427,6
DA:432,6
DA:436,605
DA:437,605
DA:440,450
DA:441,6
DA:442,6
DA:443,2
DA:444,2
DA:445,3
DA:454,449
DA:455,4
DA:457,445
DA:459,449
DA:461,449
DA:463,603
DA:467,449
DA:468,3
DA:469,3
DA:470,4
DA:471,176
DA:473,4
DA:474,4
DA:484,449
DA:503,1034
DA:515,738
DA:526,8
DA:530,8
DA:538,7
DA:539,1
DA:541,6
DA:548,6
DA:563,8
DA:572,8
DA:573,8
DA:574,1
DA:575,1
DA:576,1
DA:583,8
LF:118
LH:116
BRDA:74,0,0,0
BRDA:74,0,1,2
BRDA:75,1,0,0
BRDA:75,1,1,2
BRDA:110,2,0,3648
BRDA:110,2,1,13
BRDA:113,3,0,15
BRDA:113,3,1,8
BRDA:127,4,0,455
BRDA:127,4,1,451
BRDA:130,5,0,446
BRDA:130,6,0,455
BRDA:130,6,1,450
BRDA:139,7,0,455
BRDA:139,7,1,449
BRDA:145,8,0,331
BRDA:145,8,1,124
BRDA:146,9,0,2
BRDA:146,9,1,453
BRDA:147,10,0,29
BRDA:147,10,1,426
BRDA:148,11,0,1
BRDA:148,11,1,454
BRDA:149,12,0,1
BRDA:149,12,1,454
BRDA:150,13,0,1
BRDA:150,13,1,454
BRDA:150,14,0,455
BRDA:150,14,1,1
BRDA:152,15,0,10
BRDA:152,15,1,445
BRDA:152,16,0,455
BRDA:152,16,1,11
BRDA:162,17,0,4
BRDA:162,17,1,451
BRDA:169,18,0,1
BRDA:169,18,1,3
BRDA:184,19,0,0
BRDA:184,19,1,1
BRDA:212,20,0,1
BRDA:212,20,1,2
BRDA:239,21,0,1
BRDA:239,21,1,1
BRDA:343,22,0,4
BRDA:343,22,1,446
BRDA:364,23,0,4
BRDA:364,23,1,446
BRDA:364,24,0,455
BRDA:364,24,1,448
BRDA:366,25,0,446
BRDA:366,25,1,9
BRDA:366,26,0,455
BRDA:366,26,1,448
BRDA:368,27,0,1
BRDA:368,27,1,445
BRDA:375,28,0,446
BRDA:375,28,1,4
BRDA:375,29,0,450
BRDA:375,29,1,448
BRDA:380,30,0,34
BRDA:380,30,1,416
BRDA:385,31,0,4
BRDA:385,31,1,446
BRDA:385,32,0,455
BRDA:385,32,1,448
BRDA:385,32,2,4
BRDA:416,33,0,4
BRDA:416,33,1,446
BRDA:416,34,0,450
BRDA:416,34,1,448
BRDA:416,34,2,4
BRDA:416,34,3,4
BRDA:425,35,0,6
BRDA:425,35,1,0
BRDA:440,36,0,6
BRDA:440,36,1,444
BRDA:442,37,0,2
BRDA:442,37,1,4
BRDA:443,38,0,2
BRDA:443,38,1,2
BRDA:454,39,0,4
BRDA:454,39,1,445
BRDA:454,40,0,449
BRDA:454,40,1,447
BRDA:454,40,2,4
BRDA:457,41,0,445
BRDA:457,41,1,183
BRDA:467,42,0,3
BRDA:467,42,1,446
BRDA:473,43,0,4
BRDA:473,43,1,0
BRDA:515,44,0,118
BRDA:515,44,1,620
BRDA:526,45,0,8
BRDA:536,46,0,8
BRDA:536,46,1,7
BRDA:538,47,0,1
BRDA:538,47,1,6
BRDA:572,48,0,8
BRDA:572,48,1,6
BRDA:573,49,0,1
BRDA:573,49,1,7
BRDA:574,50,0,1
BRDA:574,50,1,1
BRF:104
BRH:99
end_of_record
TN:
SF:src/core/bank-accounts/adapters/remove-bank-accounts-record.strategy.adapter.ts
FN:20,(anonymous_0)
FN:30,(anonymous_1)
FNF:2
FNH:2
FNDA:84,(anonymous_0)
FNDA:2,(anonymous_1)
DA:27,84
DA:37,2
DA:41,2
LF:3
LH:3
BRF:0
BRH:0
end_of_record
TN:
SF:src/core/bank-accounts/constants/bank-accounts.constants.ts
FNF:0
FNH:0
DA:4,8
DA:5,8
DA:6,8
DA:9,8
DA:12,8
DA:16,8
DA:17,8
DA:19,8
LF:8
LH:8
BRF:0
BRH:0
end_of_record
TN:
SF:src/core/bank-accounts/controllers/bank-accounts.controller.ts
FN:66,(anonymous_0)
FN:92,(anonymous_1)
FN:120,(anonymous_2)
FN:147,(anonymous_3)
FN:183,(anonymous_4)
FN:220,(anonymous_5)
FN:254,(anonymous_6)
FN:291,(anonymous_7)
FN:315,(anonymous_8)
FN:317,(anonymous_9)
FN:342,(anonymous_10)
FN:352,(anonymous_11)
FNF:12
FNH:12
FNDA:773,(anonymous_0)
FNDA:707,(anonymous_1)
FNDA:361,(anonymous_2)
FNDA:7,(anonymous_3)
FNDA:11,(anonymous_4)
FNDA:8,(anonymous_5)
FNDA:26,(anonymous_6)
FNDA:8,(anonymous_7)
FNDA:2,(anonymous_8)
FNDA:12,(anonymous_9)
FNDA:8,(anonymous_10)
FNDA:6,(anonymous_11)
DA:58,8
DA:75,773
DA:97,707
DA:98,707
DA:106,697
DA:124,361
DA:128,360
DA:151,7
DA:152,1
DA:154,6
DA:156,6
DA:163,6
DA:188,11
DA:195,7
DA:225,8
DA:231,6
DA:260,26
DA:261,26
DA:270,17
DA:296,8
DA:316,2
DA:318,12
DA:346,8
DA:352,8
LF:24
LH:24
BRDA:151,0,0,1
BRDA:151,0,1,6
BRF:2
BRH:2
end_of_record
TN:
SF:src/core/bank-accounts/controllers/export-bank-accounts.controller.ts
FN:34,(anonymous_0)
FN:57,(anonymous_1)
FNF:2
FNH:2
FNDA:773,(anonymous_0)
FNDA:2,(anonymous_1)
DA:41,773
DA:61,2
DA:62,2
DA:66,2
LF:4
LH:4
BRF:0
BRH:0
end_of_record
TN:
SF:src/core/bank-accounts/dtos/bank-account.response.dto.ts
FN:18,(anonymous_0)
FN:22,(anonymous_1)
FNF:2
FNH:2
FNDA:8,(anonymous_0)
FNDA:8,(anonymous_1)
DA:10,8
DA:19,989
DA:23,989
LF:3
LH:3
BRF:0
BRH:0
end_of_record
TN:
SF:src/core/bank-accounts/dtos/bank-accounts-page.response.dto.ts
FN:18,(anonymous_0)
FN:24,(anonymous_1)
FN:26,(anonymous_2)
FNF:3
FNH:3
FNDA:8,(anonymous_0)
FNDA:8,(anonymous_1)
FNDA:256,(anonymous_2)
DA:12,8
DA:21,366
DA:25,366
DA:27,256
LF:4
LH:4
BRF:0
BRH:0
end_of_record
TN:
SF:src/core/bank-accounts/dtos/create-bank-account.request.body.dto.ts
FNF:0
FNH:0
DA:7,8
LF:1
LH:1
BRF:0
BRH:0
end_of_record
TN:
SF:src/core/bank-accounts/dtos/export-bank-accounts.request.query.dto.ts
FNF:0
FNH:0
DA:6,0
LF:1
LH:0
BRF:0
BRH:0
end_of_record
TN:
SF:src/core/bank-accounts/dtos/export-bank-accounts.response.dto.ts
FN:12,(anonymous_0)
FNF:1
FNH:1
FNDA:8,(anonymous_0)
DA:5,8
DA:13,2
LF:2
LH:2
BRF:0
BRH:0
end_of_record
TN:
SF:src/core/bank-accounts/dtos/find-all-bank-accounts.request.query.dto.ts
FNF:0
FNH:0
LF:0
LH:0
BRF:0
BRH:0
end_of_record
TN:
SF:src/core/bank-accounts/dtos/find-all-by-pluggy-item-bank-account.request.params.dto.ts
FNF:0
FNH:0
DA:4,0
LF:1
LH:0
BRF:0
BRH:0
end_of_record
TN:
SF:src/core/bank-accounts/dtos/partial-update-bank-account.request.body.dto.ts
FNF:0
FNH:0
DA:8,8
LF:1
LH:1
BRF:0
BRH:0
end_of_record
TN:
SF:src/core/bank-accounts/dtos/remove-bank-account.request.body.dto.ts
FNF:0
FNH:0
DA:5,8
LF:1
LH:1
BRF:0
BRH:0
end_of_record
TN:
SF:src/core/bank-accounts/dtos/system-find-all-bank-accounts.request.query.dto.ts
FNF:0
FNH:0
DA:6,8
LF:1
LH:1
BRF:0
BRH:0
end_of_record
TN:
SF:src/core/bank-accounts/entities/bank-account-type.entity.ts
FN:11,(anonymous_0)
FNF:1
FNH:1
FNDA:8,(anonymous_0)
DA:5,8
DA:12,12
LF:2
LH:2
BRF:0
BRH:0
end_of_record
TN:
SF:src/core/bank-accounts/entities/bank-account.entity.ts
FN:13,(anonymous_0)
FN:94,(anonymous_1)
FN:98,(anonymous_2)
FNF:3
FNH:3
FNDA:8,(anonymous_0)
FNDA:8,(anonymous_1)
FNDA:1,(anonymous_2)
DA:13,8
DA:22,8
DA:95,4567
DA:99,1
DA:101,1
DA:102,1
DA:104,1
DA:105,1
DA:106,1
DA:107,1
DA:111,1
LF:11
LH:11
BRF:0
BRH:0
end_of_record
TN:
SF:src/core/bank-accounts/entities/bank-accounts-page.entity.ts
FN:13,(anonymous_0)
FNF:1
FNH:1
FNDA:8,(anonymous_0)
DA:7,8
DA:14,456
LF:2
LH:2
BRF:0
BRH:0
end_of_record
TN:
SF:src/core/bank-accounts/entities/export-bank-accounts-request.entity.ts
FN:17,(anonymous_0)
FN:23,(anonymous_1)
FN:34,(anonymous_2)
FNF:3
FNH:3
FNDA:8,(anonymous_0)
FNDA:2,(anonymous_1)
FNDA:2,(anonymous_2)
DA:7,8
DA:20,2
DA:24,2
DA:35,2
LF:4
LH:4
BRF:0
BRH:0
end_of_record
TN:
SF:src/core/bank-accounts/entities/find-all-by-pluggy-item-bank-account-request.entity.ts
FN:16,(anonymous_0)
FNF:1
FNH:1
FNDA:8,(anonymous_0)
DA:5,8
DA:19,8
LF:2
LH:2
BRF:0
BRH:0
end_of_record
TN:
SF:src/core/bank-accounts/lazy-adapters/bank-accounts.repository.lazy.adapter.ts
FN:7,(anonymous_0)
FN:9,(anonymous_1)
FN:14,(anonymous_2)
FN:21,(anonymous_3)
FN:28,(anonymous_4)
FN:35,(anonymous_5)
FN:42,(anonymous_6)
FN:49,(anonymous_7)
FN:56,(anonymous_8)
FN:63,(anonymous_9)
FN:70,(anonymous_10)
FN:77,(anonymous_11)
FN:84,(anonymous_12)
FN:91,(anonymous_13)
FNF:14
FNH:3
FNDA:775,(anonymous_0)
FNDA:0,(anonymous_1)
FNDA:0,(anonymous_2)
FNDA:0,(anonymous_3)
FNDA:0,(anonymous_4)
FNDA:0,(anonymous_5)
FNDA:0,(anonymous_6)
FNDA:0,(anonymous_7)
FNDA:0,(anonymous_8)
FNDA:0,(anonymous_9)
FNDA:0,(anonymous_10)
FNDA:0,(anonymous_11)
FNDA:985,(anonymous_12)
FNDA:2,(anonymous_13)
DA:7,775
DA:10,0
DA:11,0
DA:17,0
DA:18,0
DA:24,0
DA:25,0
DA:31,0
DA:32,0
DA:38,0
DA:39,0
DA:45,0
DA:46,0
DA:52,0
DA:53,0
DA:59,0
DA:60,0
DA:66,0
DA:67,0
DA:73,0
DA:74,0
DA:80,0
DA:81,0
DA:87,985
DA:88,985
DA:94,2
DA:95,2
LF:27
LH:5
BRF:0
BRH:0
end_of_record
TN:
SF:src/core/bank-accounts/lazy-adapters/bank-accounts.service.lazy.adapter.ts
FN:7,(anonymous_0)
FN:9,(anonymous_1)
FN:16,(anonymous_2)
FN:23,(anonymous_3)
FN:30,(anonymous_4)
FN:37,(anonymous_5)
FN:44,(anonymous_6)
FN:51,(anonymous_7)
FN:58,(anonymous_8)
FN:65,(anonymous_9)
FN:72,(anonymous_10)
FN:79,(anonymous_11)
FN:86,(anonymous_12)
FNF:13
FNH:13
FNDA:777,(anonymous_0)
FNDA:707,(anonymous_1)
FNDA:413,(anonymous_2)
FNDA:2439,(anonymous_3)
FNDA:8,(anonymous_4)
FNDA:5,(anonymous_5)
FNDA:10,(anonymous_6)
FNDA:8,(anonymous_7)
FNDA:1,(anonymous_8)
FNDA:9,(anonymous_9)
FNDA:7,(anonymous_10)
FNDA:26,(anonymous_11)
FNDA:7,(anonymous_12)
DA:7,777
DA:12,707
DA:13,707
DA:19,413
DA:20,413
DA:26,2439
DA:27,2439
DA:33,8
DA:34,8
DA:40,5
DA:41,5
DA:47,10
DA:48,10
DA:54,8
DA:55,8
DA:61,1
DA:62,1
DA:68,9
DA:69,9
DA:75,7
DA:76,7
DA:82,26
DA:83,26
DA:89,7
DA:90,7
LF:25
LH:25
BRF:0
BRH:0
end_of_record
TN:
SF:src/core/bank-accounts/lazy-adapters/export-bank-accounts-scheduler.service.lazy.adapter.ts
FN:7,(anonymous_0)
FN:9,(anonymous_1)
FNF:2
FNH:2
FNDA:775,(anonymous_0)
FNDA:2,(anonymous_1)
DA:7,775
DA:12,2
DA:13,2
LF:3
LH:3
BRF:0
BRH:0
end_of_record
TN:
SF:src/core/bank-accounts/lazy-adapters/export-bank-accounts.strategy.lazy.adapter.ts
FN:7,(anonymous_0)
FN:9,(anonymous_1)
FN:13,(anonymous_2)
FNF:3
FNH:2
FNDA:775,(anonymous_0)
FNDA:0,(anonymous_1)
FNDA:2,(anonymous_2)
DA:7,775
DA:10,0
DA:16,2
DA:17,2
LF:4
LH:3
BRF:0
BRH:0
end_of_record
TN:
SF:src/core/bank-accounts/lazy-adapters/remove-bank-accounts-record.strategy.lazy.adapter.ts
FN:7,(anonymous_0)
FN:9,(anonymous_1)
FNF:2
FNH:2
FNDA:775,(anonymous_0)
FNDA:2,(anonymous_1)
DA:7,775
DA:12,2
DA:13,2
LF:3
LH:3
BRF:0
BRH:0
end_of_record
TN:
SF:src/core/bank-accounts/modules/bank-accounts.lazy.module.loader.ts
FN:25,(anonymous_0)
FN:31,(anonymous_1)
FN:36,(anonymous_2)
FN:39,(anonymous_3)
FN:42,(anonymous_4)
FN:55,(anonymous_5)
FN:60,(anonymous_6)
FN:65,(anonymous_7)
FN:72,(anonymous_8)
FN:79,(anonymous_9)
FNF:10
FNH:10
FNDA:777,(anonymous_0)
FNDA:5078,(anonymous_1)
FNDA:84,(anonymous_2)
FNDA:84,(anonymous_3)
FNDA:84,(anonymous_4)
FNDA:987,(anonymous_5)
FNDA:4085,(anonymous_6)
FNDA:2,(anonymous_7)
FNDA:2,(anonymous_8)
FNDA:2,(anonymous_9)
DA:22,777
DA:23,777
DA:26,777
DA:28,777
DA:32,5078
DA:33,176
DA:35,84
DA:36,84
DA:38,84
DA:39,84
DA:42,84
DA:43,84
DA:44,84
DA:45,84
DA:46,84
DA:48,84
DA:52,84
DA:56,987
DA:57,987
DA:61,4085
DA:62,4085
DA:66,2
DA:67,2
DA:73,2
DA:74,2
DA:80,2
DA:81,2
LF:27
LH:27
BRDA:32,0,0,4902
BRDA:32,0,1,176
BRDA:33,1,0,92
BRDA:33,1,1,84
BRF:4
BRH:4
end_of_record
TN:
SF:src/core/bank-accounts/modules/bank-accounts.lazy.module.ts
FNF:0
FNH:0
LF:0
LH:0
BRF:0
BRH:0
end_of_record
TN:
SF:src/core/bank-accounts/modules/bank-accounts.module.ts
FN:37,(anonymous_0)
FN:42,(anonymous_1)
FN:46,(anonymous_2)
FN:55,(anonymous_3)
FN:68,(anonymous_4)
FNF:5
FNH:3
FNDA:84,(anonymous_0)
FNDA:0,(anonymous_1)
FNDA:0,(anonymous_2)
FNDA:8,(anonymous_3)
FNDA:336,(anonymous_4)
DA:39,84
DA:43,0
DA:47,0
DA:48,0
DA:49,0
DA:51,0
DA:56,84
DA:57,84
DA:62,84
DA:68,336
LF:10
LH:5
BRDA:48,0,0,0
BRDA:48,0,1,0
BRF:2
BRH:0
end_of_record
TN:
SF:src/core/bank-accounts/ports/bank-accounts.repository.port.ts
FNF:0
FNH:0
LF:0
LH:0
BRF:0
BRH:0
end_of_record
TN:
SF:src/core/bank-accounts/ports/bank-accounts.service.port.ts
FNF:0
FNH:0
LF:0
LH:0
BRF:0
BRH:0
end_of_record
TN:
SF:src/core/bank-accounts/ports/bank-accounts.to-entity.port.ts
FNF:0
FNH:0
LF:0
LH:0
BRF:0
BRH:0
end_of_record
TN:
SF:src/core/bank-accounts/ports/bank-accounts.to-model.port.ts
FNF:0
FNH:0
LF:0
LH:0
BRF:0
BRH:0
end_of_record
TN:
SF:src/core/bank-accounts/ports/export-bank-accounts-scheduler.service.port.ts
FNF:0
FNH:0
LF:0
LH:0
BRF:0
BRH:0
end_of_record
TN:
SF:src/core/bank-accounts/ports/export-bank-accounts-strategy.service.port.ts
FNF:0
FNH:0
LF:0
LH:0
BRF:0
BRH:0
end_of_record
TN:
SF:src/core/bank-accounts/ports/remove-bank-accounts-record.strategy.port.ts
FNF:0
FNH:0
LF:0
LH:0
BRF:0
BRH:0
end_of_record
TN:
SF:src/core/bank-accounts/utils/bank-accounts-sanitizers.utils.ts
FN:1,(anonymous_0)
FN:5,(anonymous_1)
FN:9,(anonymous_2)
FNF:3
FNH:3
FNDA:6226,(anonymous_0)
FNDA:5917,(anonymous_1)
FNDA:5587,(anonymous_2)
DA:1,8
DA:2,6226
DA:5,8
DA:6,5917
DA:9,8
DA:10,5587
LF:6
LH:6
BRF:0
BRH:0
end_of_record
TN:
SF:src/core/bank-institutions/adapters/bank-institutions.service.adapter.ts
FN:20,(anonymous_0)
FN:29,(anonymous_1)
FN:33,(anonymous_2)
FNF:3
FNH:3
FNDA:33,(anonymous_0)
FNDA:757,(anonymous_1)
FNDA:61317,(anonymous_2)
DA:25,33
DA:30,757
DA:32,757
DA:34,61317
LF:4
LH:4
BRF:0
BRH:0
end_of_record
TN:
SF:src/core/bank-institutions/assets/data.json
FNF:0
FNH:0
LF:0
LH:0
BRF:0
BRH:0
end_of_record
TN:
SF:src/core/bank-institutions/constants/bank-institutions.constants.ts
FNF:0
FNH:0
DA:1,8
LF:1
LH:1
BRF:0
BRH:0
end_of_record
TN:
SF:src/core/bank-institutions/controllers/bank-institutions.controller.ts
FN:16,(anonymous_0)
FN:37,(anonymous_1)
FNF:2
FNH:2
FNDA:774,(anonymous_0)
FNDA:7,(anonymous_1)
DA:23,774
DA:38,7
LF:2
LH:2
BRF:0
BRH:0
end_of_record
TN:
SF:src/core/bank-institutions/entities/bank-institution.entity.ts
FN:13,(anonymous_0)
FNF:1
FNH:1
FNDA:8,(anonymous_0)
DA:5,8
DA:14,18954
LF:2
LH:2
BRF:0
BRH:0
end_of_record
TN:
SF:src/core/bank-institutions/lazy-adapters/bank-institutions.service.lazy.adapter.ts
FN:7,(anonymous_0)
FN:9,(anonymous_1)
FNF:2
FNH:2
FNDA:778,(anonymous_0)
FNDA:757,(anonymous_1)
DA:7,778
DA:10,757
DA:11,757
LF:3
LH:3
BRF:0
BRH:0
end_of_record
TN:
SF:src/core/bank-institutions/modules/bank-institutions.lazy.module.loader.ts
FN:13,(anonymous_0)
FN:15,(anonymous_1)
FN:19,(anonymous_2)
FN:22,(anonymous_3)
FN:25,(anonymous_4)
FN:38,(anonymous_5)
FNF:6
FNH:6
FNDA:778,(anonymous_0)
FNDA:757,(anonymous_1)
FNDA:33,(anonymous_2)
FNDA:33,(anonymous_3)
FNDA:33,(anonymous_4)
FNDA:757,(anonymous_5)
DA:10,778
DA:11,778
DA:13,778
DA:16,757
DA:17,73
DA:19,33
DA:21,33
DA:22,33
DA:25,33
DA:26,33
DA:27,33
DA:28,33
DA:29,33
DA:31,33
DA:35,33
DA:39,757
DA:40,757
LF:17
LH:17
BRDA:16,0,0,684
BRDA:16,0,1,73
BRDA:17,1,0,40
BRDA:17,1,1,33
BRF:4
BRH:4
end_of_record
TN:
SF:src/core/bank-institutions/modules/bank-institutions.lazy.module.ts
FNF:0
FNH:0
LF:0
LH:0
BRF:0
BRH:0
end_of_record
TN:
SF:src/core/bank-institutions/modules/bank-institutions.module.ts
FNF:0
FNH:0
LF:0
LH:0
BRF:0
BRH:0
end_of_record
TN:
SF:src/core/bank-institutions/ports/bank-institutions.service.port.ts
FNF:0
FNH:0
LF:0
LH:0
BRF:0
BRH:0
end_of_record
TN:
SF:src/core/bank-transactions/adapters/bank-transactions.service.adapter.ts
FN:103,(anonymous_0)
FN:141,(anonymous_1)
FN:180,(anonymous_2)
FN:288,(anonymous_3)
FN:313,(anonymous_4)
FN:329,(anonymous_5)
FN:403,(anonymous_6)
FN:428,(anonymous_7)
FN:439,(anonymous_8)
FN:455,(anonymous_9)
FN:468,(anonymous_10)
FN:480,(anonymous_11)
FN:563,(anonymous_12)
FN:617,(anonymous_13)
FN:638,(anonymous_14)
FN:648,(anonymous_15)
FN:664,(anonymous_16)
FN:677,(anonymous_17)
FN:687,(anonymous_18)
FN:704,(anonymous_19)
FN:715,(anonymous_20)
FN:769,(anonymous_21)
FN:783,(anonymous_22)
FN:813,(anonymous_23)
FN:829,(anonymous_24)
FN:872,(anonymous_25)
FN:887,(anonymous_26)
FN:907,(anonymous_27)
FN:916,(anonymous_28)
FN:927,(anonymous_29)
FN:933,(anonymous_30)
FN:940,(anonymous_31)
FN:943,(anonymous_32)
FN:967,(anonymous_33)
FN:992,(anonymous_34)
FN:1018,(anonymous_35)
FN:1031,(anonymous_36)
FN:1074,(anonymous_37)
FN:1090,(anonymous_38)
FN:1103,(anonymous_39)
FN:1124,(anonymous_40)
FN:1156,(anonymous_41)
FN:1158,(anonymous_42)
FN:1161,(anonymous_43)
FN:1165,(anonymous_44)
FN:1194,(anonymous_45)
FN:111,(anonymous_46)
FNF:47
FNH:40
FNDA:20,(anonymous_0)
FNDA:39,(anonymous_1)
FNDA:38,(anonymous_2)
FNDA:39,(anonymous_3)
FNDA:15,(anonymous_4)
FNDA:10,(anonymous_5)
FNDA:10,(anonymous_6)
FNDA:10,(anonymous_7)
FNDA:5,(anonymous_8)
FNDA:0,(anonymous_9)
FNDA:1057,(anonymous_10)
FNDA:1370,(anonymous_11)
FNDA:1386,(anonymous_12)
FNDA:18,(anonymous_13)
FNDA:18,(anonymous_14)
FNDA:64,(anonymous_15)
FNDA:25,(anonymous_16)
FNDA:8,(anonymous_17)
FNDA:1298,(anonymous_18)
FNDA:18,(anonymous_19)
FNDA:18,(anonymous_20)
FNDA:1,(anonymous_21)
FNDA:1,(anonymous_22)
FNDA:9,(anonymous_23)
FNDA:74,(anonymous_24)
FNDA:20,(anonymous_25)
FNDA:25,(anonymous_26)
FNDA:26,(anonymous_27)
FNDA:7,(anonymous_28)
FNDA:26,(anonymous_29)
FNDA:7,(anonymous_30)
FNDA:7,(anonymous_31)
FNDA:26,(anonymous_32)
FNDA:1144,(anonymous_33)
FNDA:35,(anonymous_34)
FNDA:22,(anonymous_35)
FNDA:21,(anonymous_36)
FNDA:3,(anonymous_37)
FNDA:6,(anonymous_38)
FNDA:3,(anonymous_39)
FNDA:0,(anonymous_40)
FNDA:0,(anonymous_41)
FNDA:0,(anonymous_42)
FNDA:0,(anonymous_43)
FNDA:0,(anonymous_44)
FNDA:0,(anonymous_45)
FNDA:20,(anonymous_46)
DA:111,20
DA:138,20
DA:154,39
DA:160,36
DA:161,2
DA:164,34
DA:165,34
DA:166,40
DA:171,39
DA:172,1
DA:176,38
DA:179,32
DA:180,38
DA:184,32
DA:186,32
DA:187,29
DA:190,32
DA:191,1
DA:198,31
DA:200,39
DA:202,39
DA:206,2
DA:211,29
DA:212,34
DA:213,34
DA:222,34
DA:226,34
DA:243,29
DA:257,28
DA:278,28
DA:285,28
DA:299,39
DA:300,15
DA:302,15
DA:303,15
DA:304,24
DA:313,15
DA:314,15
DA:323,39
DA:324,15
DA:342,10
DA:348,7
DA:349,3
DA:352,4
DA:354,4
DA:355,5
DA:361,5
DA:369,4
DA:383,4
DA:393,4
DA:400,4
DA:414,10
DA:415,10
DA:428,10
DA:429,10
DA:448,5
DA:462,0
DA:475,1057
DA:476,1057
DA:479,1057
DA:480,1057
DA:481,1370
DA:482,1
DA:485,1369
DA:494,1368
DA:500,1066
DA:521,1066
DA:531,1066
DA:534,1057
DA:537,1055
DA:547,1055
DA:548,982
DA:560,1055
DA:576,1386
DA:585,1384
DA:587,1384
DA:590,1384
DA:600,1082
DA:602,1082
DA:603,10
DA:607,1082
DA:610,1386
DA:626,18
DA:638,18
DA:639,18
DA:644,16
DA:657,64
DA:671,25
DA:682,8
DA:698,1298
DA:711,18
DA:712,18
DA:714,18
DA:715,18
DA:717,18
DA:718,12
DA:724,9
DA:725,1
DA:731,14
DA:743,13
DA:753,13
DA:756,18
DA:759,13
DA:766,13
DA:779,1
DA:780,1
DA:782,1
DA:783,1
DA:784,1
DA:790,1
DA:791,1
DA:792,1
DA:794,1
DA:809,1
DA:822,9
DA:836,74
DA:841,67
DA:842,1
DA:847,66
DA:861,66
DA:869,66
DA:879,20
DA:895,25
DA:900,25
DA:901,8
DA:907,26
DA:909,17
DA:914,17
DA:917,7
DA:918,7
DA:919,7
DA:920,7
DA:923,17
DA:924,17
DA:926,17
DA:928,26
DA:930,26
DA:933,7
DA:938,26
DA:939,26
DA:940,7
DA:943,26
DA:944,26
DA:945,22
DA:948,4
DA:949,1
DA:952,3
DA:955,26
DA:958,26
DA:964,26
DA:967,1144
DA:971,26
DA:972,20
DA:975,26
DA:986,17
DA:999,35
DA:1000,35
DA:1005,25
DA:1009,22
DA:1012,35
DA:1019,22
DA:1021,18
DA:1023,3
DA:1025,1
DA:1032,21
DA:1034,4
DA:1036,14
DA:1038,3
DA:1062,17
DA:1070,17
DA:1083,3
DA:1097,6
DA:1110,3
DA:1115,1
DA:1131,0
DA:1142,0
DA:1148,0
DA:1150,0
DA:1156,0
DA:1157,0
DA:1158,0
DA:1161,0
DA:1164,0
DA:1165,0
DA:1166,0
DA:1167,0
DA:1171,0
DA:1177,0
DA:1178,0
DA:1183,0
DA:1189,0
DA:1194,0
DA:1204,0
DA:1205,0
DA:1206,0
DA:1207,0
DA:1209,0
DA:1213,0
LF:198
LH:173
BRDA:160,0,0,2
BRDA:160,0,1,34
BRDA:171,1,0,1
BRDA:171,1,1,38
BRDA:180,2,0,4
BRDA:180,2,1,34
BRDA:186,3,0,29
BRDA:186,3,1,3
BRDA:190,4,0,1
BRDA:190,4,1,31
BRDA:198,5,0,3
BRDA:198,5,1,28
BRDA:200,6,0,3
BRDA:200,6,1,28
BRDA:202,7,0,2
BRDA:202,7,1,37
BRDA:203,8,0,39
BRDA:203,8,1,31
BRDA:299,9,0,39
BRDA:299,9,1,15
BRDA:303,10,0,24
BRDA:303,10,1,-9
BRDA:323,11,0,15
BRDA:323,11,1,24
BRDA:348,12,0,3
BRDA:348,12,1,4
BRDA:414,13,0,10
BRDA:414,13,1,10
BRDA:481,14,0,1
BRDA:481,14,1,1369
BRDA:547,15,0,982
BRDA:547,15,1,73
BRDA:547,16,0,1055
BRDA:547,16,1,1045
BRDA:602,17,0,10
BRDA:602,17,1,1072
BRDA:607,18,0,1082
BRDA:607,18,1,1072
BRDA:607,18,2,406
BRDA:611,19,0,1386
BRDA:611,19,1,1073
BRDA:626,20,0,18
BRDA:626,20,1,18
BRDA:717,21,0,12
BRDA:717,21,1,6
BRDA:724,22,0,1
BRDA:724,22,1,8
BRDA:790,23,0,1
BRDA:790,23,1,0
BRDA:841,24,0,1
BRDA:841,24,1,66
BRDA:900,25,0,8
BRDA:900,25,1,17
BRDA:928,26,0,26
BRDA:928,26,1,22
BRDA:930,27,0,4
BRDA:933,28,0,7
BRDA:933,28,1,0
BRDA:944,29,0,22
BRDA:944,29,1,4
BRDA:948,30,0,1
BRDA:948,30,1,3
BRDA:958,31,0,26
BRDA:958,31,1,26
BRDA:971,32,0,20
BRDA:971,32,1,6
BRDA:1019,33,0,18
BRDA:1019,33,1,3
BRDA:1019,33,2,1
BRDA:1032,34,0,4
BRDA:1032,34,1,14
BRDA:1032,34,2,3
BRDA:1148,35,0,0
BRDA:1148,35,1,0
BRDA:1166,36,0,0
BRDA:1166,36,1,0
BRF:76
BRH:69
end_of_record
TN:
SF:src/core/bank-transactions/adapters/create-bulk-bank-transactions-job-request.service.adapter.ts
FN:25,(anonymous_0)
FN:37,(anonymous_1)
FNF:2
FNH:2
FNDA:20,(anonymous_0)
FNDA:19,(anonymous_1)
DA:34,20
DA:46,19
DA:47,19
DA:51,1
DA:56,18
DA:62,18
DA:73,18
LF:7
LH:7
BRDA:47,0,0,1
BRDA:47,0,1,18
BRDA:48,1,0,19
BRDA:48,1,1,5
BRF:4
BRH:4
end_of_record
TN:
SF:src/core/bank-transactions/adapters/create-ofx-import-job-request.service.adapter.ts
FN:22,(anonymous_0)
FN:32,(anonymous_1)
FNF:2
FNH:2
FNDA:20,(anonymous_0)
FNDA:66,(anonymous_1)
DA:29,20
DA:39,66
DA:49,66
LF:3
LH:3
BRF:0
BRH:0
end_of_record
TN:
SF:src/core/bank-transactions/adapters/execute-bulk-bank-transactions-job-request.service.adapter.ts
FN:59,(anonymous_0)
FN:79,(anonymous_1)
FN:124,(anonymous_2)
FN:134,(anonymous_3)
FN:146,(anonymous_4)
FN:186,(anonymous_5)
FN:219,(anonymous_6)
FN:233,(anonymous_7)
FN:241,(anonymous_8)
FN:242,(anonymous_9)
FN:246,(anonymous_10)
FN:332,(anonymous_11)
FN:367,(anonymous_12)
FN:396,(anonymous_13)
FN:400,(anonymous_14)
FNF:15
FNH:15
FNDA:20,(anonymous_0)
FNDA:18,(anonymous_1)
FNDA:18,(anonymous_2)
FNDA:18,(anonymous_3)
FNDA:18,(anonymous_4)
FNDA:18,(anonymous_5)
FNDA:18,(anonymous_6)
FNDA:18,(anonymous_7)
FNDA:18,(anonymous_8)
FNDA:35,(anonymous_9)
FNDA:35,(anonymous_10)
FNDA:6,(anonymous_11)
FNDA:7,(anonymous_12)
FNDA:13,(anonymous_13)
FNDA:13,(anonymous_14)
DA:57,20
DA:76,20
DA:86,18
DA:87,18
DA:89,18
DA:95,18
DA:102,18
DA:104,18
DA:105,18
DA:110,18
DA:120,18
DA:128,18
DA:138,18
DA:147,18
DA:149,18
DA:163,18
DA:164,18
DA:184,18
DA:187,18
DA:192,18
DA:223,18
DA:224,18
DA:226,18
DA:227,18
DA:230,18
DA:234,18
DA:235,18
DA:236,18
DA:238,18
DA:242,35
DA:243,18
DA:247,35
DA:249,35
DA:250,35
DA:252,4
DA:260,3
DA:263,4
DA:271,3
DA:274,6
DA:279,3
DA:282,8
DA:286,7
DA:289,6
DA:293,3
DA:296,7
DA:300,3
DA:307,22
DA:309,13
DA:311,13
DA:313,13
DA:320,13
DA:339,6
DA:344,5
DA:346,5
DA:347,2
DA:352,3
DA:364,3
DA:374,7
DA:379,5
DA:381,5
DA:382,2
DA:387,3
DA:393,3
DA:397,13
DA:411,13
DA:412,13
DA:424,0
LF:67
LH:66
BRDA:177,0,0,18
BRDA:205,1,0,18
BRDA:250,2,0,4
BRDA:250,2,1,4
BRDA:250,2,2,6
BRDA:250,2,3,8
BRDA:250,2,4,6
BRDA:250,2,5,7
BRDA:346,3,0,2
BRDA:346,3,1,3
BRDA:381,4,0,2
BRDA:381,4,1,3
BRDA:397,5,0,13
BRF:13
BRH:13
end_of_record
TN:
SF:src/core/bank-transactions/adapters/execute-ofx-import-job-request.service.adapter.ts
FN:82,parseOfxDateLuxon
FN:133,normalizeOfxAmount
FN:147,(anonymous_2)
FN:169,(anonymous_3)
FN:214,(anonymous_4)
FN:253,(anonymous_5)
FN:256,(anonymous_6)
FN:258,(anonymous_7)
FN:259,(anonymous_8)
FN:295,(anonymous_9)
FN:334,(anonymous_10)
FN:362,(anonymous_11)
FN:437,(anonymous_12)
FN:471,(anonymous_13)
FN:503,(anonymous_14)
FN:583,(anonymous_15)
FN:595,(anonymous_16)
FN:633,(anonymous_17)
FN:659,(anonymous_18)
FN:669,(anonymous_19)
FN:685,(anonymous_20)
FNF:21
FNH:21
FNDA:1300,parseOfxDateLuxon
FNDA:650,normalizeOfxAmount
FNDA:20,(anonymous_2)
FNDA:20,(anonymous_3)
FNDA:18,(anonymous_4)
FNDA:650,(anonymous_5)
FNDA:650,(anonymous_6)
FNDA:650,(anonymous_7)
FNDA:650,(anonymous_8)
FNDA:650,(anonymous_9)
FNDA:18,(anonymous_10)
FNDA:18,(anonymous_11)
FNDA:312,(anonymous_12)
FNDA:650,(anonymous_13)
FNDA:2936,(anonymous_14)
FNDA:649,(anonymous_15)
FNDA:644,(anonymous_16)
FNDA:1,(anonymous_17)
FNDA:20,(anonymous_18)
FNDA:18,(anonymous_19)
FNDA:18,(anonymous_20)
DA:84,1300
DA:93,1300
DA:95,1300
DA:96,1300
DA:101,1300
DA:102,1300
DA:103,1300
DA:104,1300
DA:106,0
DA:107,0
DA:111,1300
DA:112,1300
DA:114,1300
DA:118,1300
DA:120,744
DA:125,556
DA:130,1300
DA:136,650
DA:137,650
DA:145,20
DA:166,20
DA:177,20
DA:180,18
DA:182,18
DA:188,18
DA:190,18
DA:192,18
DA:210,18
DA:227,18
DA:229,18
DA:232,18
DA:234,18
DA:235,18
DA:238,18
DA:251,18
DA:252,18
DA:254,650
DA:256,650
DA:257,18
DA:258,650
DA:259,650
DA:264,18
DA:277,18
DA:292,18
DA:293,75
DA:294,75
DA:296,650
DA:309,75
DA:314,18
DA:335,18
DA:336,18
DA:343,18
DA:344,18
DA:345,18
DA:352,18
DA:360,8
DA:363,18
DA:364,18
DA:378,18
DA:380,18
DA:388,18
DA:390,17
DA:391,17
DA:404,18
DA:412,18
DA:415,18
DA:416,1
DA:432,17
DA:433,17
DA:437,312
DA:446,18
DA:480,650
DA:485,650
DA:486,650
DA:487,650
DA:488,650
DA:490,650
DA:499,650
DA:500,1
DA:503,2936
DA:505,649
DA:506,293
DA:509,649
DA:510,649
DA:511,649
DA:512,650
DA:516,650
DA:520,650
DA:523,650
DA:535,649
DA:538,649
DA:540,69
DA:558,69
DA:559,69
DA:574,649
DA:584,649
DA:595,649
DA:596,6
DA:597,6
DA:600,643
DA:620,643
DA:622,1
DA:623,1
DA:646,1
DA:663,20
DA:673,18
DA:698,18
DA:713,18
DA:715,44
DA:720,44
DA:738,44
DA:742,18
DA:748,18
LF:113
LH:111
BRDA:95,0,0,1300
BRDA:95,0,1,1300
BRDA:95,0,2,1300
BRDA:101,1,0,1300
BRDA:101,1,1,0
BRDA:101,2,0,1300
BRDA:101,2,1,1300
BRDA:103,3,0,1300
BRDA:103,3,1,0
BRDA:104,4,0,1300
BRDA:104,4,1,1300
BRDA:111,5,0,1300
BRDA:112,6,0,1300
BRDA:118,7,0,744
BRDA:118,7,1,556
BRDA:251,8,0,18
BRDA:251,8,1,0
BRDA:254,9,0,650
BRDA:257,10,0,18
BRDA:257,10,1,0
BRDA:370,11,0,14
BRDA:370,11,1,4
BRDA:397,12,0,11
BRDA:397,12,1,6
BRDA:415,13,0,1
BRDA:415,13,1,17
BRDA:433,14,0,17
BRDA:486,15,0,650
BRDA:486,15,1,0
BRDA:487,16,0,109
BRDA:487,16,1,541
BRDA:490,17,0,650
BRDA:490,17,1,338
BRDA:490,17,2,338
BRDA:499,18,0,1
BRDA:499,18,1,649
BRDA:499,19,0,650
BRDA:499,19,1,650
BRDA:505,20,0,293
BRDA:505,20,1,356
BRDA:505,21,0,649
BRDA:505,21,1,338
BRDA:511,22,0,649
BRDA:511,22,1,307
BRDA:538,23,0,69
BRDA:538,23,1,580
BRDA:595,24,0,6
BRDA:595,24,1,643
BRDA:595,25,0,649
BRDA:595,25,1,644
BRDA:715,26,0,18
BRF:51
BRH:46
end_of_record
TN:
SF:src/core/bank-transactions/adapters/export-bank-transactions-scheduler.service.adapter.ts
FN:23,(anonymous_0)
FN:35,(anonymous_1)
FNF:2
FNH:1
FNDA:20,(anonymous_0)
FNDA:0,(anonymous_1)
DA:32,20
DA:42,0
DA:55,0
DA:63,0
LF:4
LH:1
BRF:0
BRH:0
end_of_record
TN:
SF:src/core/bank-transactions/adapters/export-bank-transactions-strategy.service.adapter.ts
FN:29,(anonymous_0)
FN:63,(anonymous_1)
FN:81,(anonymous_2)
FNF:3
FNH:3
FNDA:20,(anonymous_0)
FNDA:2,(anonymous_1)
FNDA:2,(anonymous_2)
DA:50,20
DA:67,2
DA:73,2
DA:78,2
DA:85,2
DA:86,2
DA:87,2
DA:88,2
DA:94,2
DA:99,2
DA:100,200
DA:103,2
DA:104,2
LF:13
LH:13
BRF:0
BRH:0
end_of_record
TN:
SF:src/core/bank-transactions/adapters/mongodb-bank-transactions.repository.adapter.ts
FN:61,(anonymous_0)
FN:79,(anonymous_1)
FN:84,(anonymous_2)
FN:111,(anonymous_3)
FN:330,(anonymous_4)
FN:429,(anonymous_5)
FN:434,(anonymous_6)
FN:443,(anonymous_7)
FN:446,(anonymous_8)
FN:452,(anonymous_9)
FN:455,(anonymous_10)
FN:460,(anonymous_11)
FN:480,(anonymous_12)
FN:496,(anonymous_13)
FN:527,(anonymous_14)
FN:586,(anonymous_15)
FN:613,(anonymous_16)
FN:648,(anonymous_17)
FN:662,(anonymous_18)
FN:684,(anonymous_19)
FN:719,(anonymous_20)
FN:743,(anonymous_21)
FN:765,(anonymous_22)
FN:768,(anonymous_23)
FN:780,(anonymous_24)
FN:790,(anonymous_25)
FNF:26
FNH:25
FNDA:40,(anonymous_0)
FNDA:4421,(anonymous_1)
FNDA:64,(anonymous_2)
FNDA:12,(anonymous_3)
FNDA:6,(anonymous_4)
FNDA:6,(anonymous_5)
FNDA:6,(anonymous_6)
FNDA:6,(anonymous_7)
FNDA:264,(anonymous_8)
FNDA:2,(anonymous_9)
FNDA:2,(anonymous_10)
FNDA:2,(anonymous_11)
FNDA:264,(anonymous_12)
FNDA:8,(anonymous_13)
FNDA:1066,(anonymous_14)
FNDA:1066,(anonymous_15)
FNDA:5,(anonymous_16)
FNDA:0,(anonymous_17)
FNDA:1066,(anonymous_18)
FNDA:2682,(anonymous_19)
FNDA:3,(anonymous_20)
FNDA:6,(anonymous_21)
FNDA:5,(anonymous_22)
FNDA:1524,(anonymous_23)
FNDA:1524,(anonymous_24)
FNDA:1524,(anonymous_25)
DA:46,8
DA:76,40
DA:80,4421
DA:81,4421
DA:93,64
DA:94,64
DA:96,64
DA:97,64
DA:98,64
DA:99,64
DA:103,64
DA:104,64
DA:109,64
DA:110,12
DA:111,12
DA:114,64
DA:115,3
DA:120,64
DA:121,7
DA:123,64
DA:124,5
DA:126,64
DA:127,4
DA:132,64
DA:133,4
DA:135,64
DA:136,6
DA:140,64
DA:326,58
DA:330,6
DA:334,64
DA:335,64
DA:338,64
DA:347,64
DA:349,64
DA:350,54
DA:351,54
DA:352,54
DA:353,54
DA:354,54
DA:358,58
DA:359,54
DA:360,54
DA:363,58
DA:364,2
DA:389,58
DA:394,64
DA:396,4
DA:399,4
DA:406,4
DA:412,54
DA:427,58
DA:429,6
DA:430,4
DA:433,4
DA:435,6
DA:436,6
DA:437,6
DA:438,6
DA:443,6
DA:446,264
DA:449,58
DA:450,2
DA:451,2
DA:452,2
DA:454,2
DA:455,2
DA:458,2
DA:459,2
DA:461,2
DA:464,2
DA:471,58
DA:472,4
DA:474,54
DA:476,58
DA:478,58
DA:481,264
DA:503,8
DA:507,8
DA:515,7
DA:516,1
DA:518,6
DA:519,1
DA:520,1
DA:523,6
DA:536,1066
DA:547,1066
DA:548,1062
DA:556,1062
DA:557,1
DA:558,1
DA:561,1062
DA:564,4
DA:573,4
DA:575,4
DA:577,4
DA:578,1
DA:579,1
DA:582,4
DA:596,1066
DA:597,1066
DA:624,5
DA:628,5
DA:641,5
DA:642,2
DA:645,3
DA:655,0
DA:659,0
DA:672,1066
DA:673,1066
DA:697,2682
DA:701,2682
DA:712,2380
DA:713,2364
DA:716,16
DA:728,3
DA:732,3
DA:740,3
DA:752,6
DA:756,6
DA:765,6
DA:776,1524
DA:782,1524
DA:783,5
DA:792,1524
DA:793,5
LF:126
LH:124
BRDA:93,0,0,64
BRDA:93,0,1,59
BRDA:96,1,0,54
BRDA:96,2,0,64
BRDA:96,2,1,59
BRDA:103,3,0,64
BRDA:103,3,1,43
BRDA:109,4,0,12
BRDA:109,4,1,52
BRDA:109,5,0,64
BRDA:109,5,1,12
BRDA:114,6,0,3
BRDA:114,6,1,61
BRDA:114,7,0,64
BRDA:114,7,1,61
BRDA:116,8,0,3
BRDA:116,8,1,3
BRDA:117,9,0,3
BRDA:117,9,1,3
BRDA:120,10,0,7
BRDA:120,10,1,57
BRDA:123,11,0,5
BRDA:123,11,1,59
BRDA:126,12,0,4
BRDA:126,12,1,60
BRDA:128,13,0,2
BRDA:128,13,1,2
BRDA:132,14,0,4
BRDA:132,14,1,60
BRDA:135,15,0,6
BRDA:135,15,1,58
BRDA:135,16,0,64
BRDA:135,16,1,6
BRDA:326,17,0,4
BRDA:326,17,1,54
BRDA:347,18,0,4
BRDA:347,18,1,54
BRDA:347,19,0,64
BRDA:347,19,1,56
BRDA:349,20,0,54
BRDA:349,20,1,10
BRDA:349,21,0,64
BRDA:349,21,1,56
BRDA:351,22,0,3
BRDA:351,22,1,51
BRDA:358,23,0,54
BRDA:358,23,1,4
BRDA:358,24,0,58
BRDA:358,24,1,56
BRDA:363,25,0,2
BRDA:363,25,1,56
BRDA:394,26,0,4
BRDA:394,26,1,54
BRDA:394,27,0,64
BRDA:394,27,1,56
BRDA:396,28,0,4
BRDA:427,29,0,4
BRDA:427,29,1,54
BRDA:427,30,0,58
BRDA:427,30,1,56
BRDA:427,30,2,4
BRDA:427,30,3,4
BRDA:436,31,0,6
BRDA:436,31,1,0
BRDA:449,32,0,2
BRDA:449,32,1,56
BRDA:450,33,0,2
BRDA:450,33,1,2
BRDA:458,34,0,2
BRDA:458,34,1,0
BRDA:464,35,0,2
BRDA:464,35,1,0
BRDA:471,36,0,4
BRDA:471,36,1,54
BRDA:471,37,0,58
BRDA:471,37,1,56
BRDA:471,37,2,4
BRDA:474,38,0,54
BRDA:474,38,1,11
BRDA:503,39,0,8
BRDA:513,40,0,8
BRDA:513,40,1,7
BRDA:515,41,0,1
BRDA:515,41,1,6
BRDA:518,42,0,1
BRDA:518,42,1,5
BRDA:547,43,0,1062
BRDA:547,43,1,4
BRDA:556,44,0,1
BRDA:556,44,1,1061
BRDA:577,45,0,1
BRDA:577,45,1,3
BRDA:596,46,0,1066
BRDA:624,47,0,5
BRDA:641,48,0,2
BRDA:641,48,1,3
BRDA:672,49,0,1066
BRDA:697,50,0,1384
BRDA:710,51,0,2682
BRDA:710,51,1,1298
BRDA:712,52,0,2364
BRDA:712,52,1,16
BRDA:728,53,0,3
BRDA:752,54,0,6
BRDA:782,55,0,5
BRDA:792,56,0,5
BRF:106
BRH:103
end_of_record
TN:
SF:src/core/bank-transactions/adapters/mongodb-bulk-bank-transactions-failure.repository.adapter.ts
FN:24,(anonymous_0)
FN:34,(anonymous_1)
FNF:2
FNH:2
FNDA:20,(anonymous_0)
FNDA:13,(anonymous_1)
DA:31,20
DA:40,13
LF:2
LH:2
BRF:0
BRH:0
end_of_record
TN:
SF:src/core/bank-transactions/adapters/mongodb-bulk-bank-transactions-job-execution.repository.adapter.ts
FN:29,(anonymous_0)
FN:45,(anonymous_1)
FNF:2
FNH:2
FNDA:20,(anonymous_0)
FNDA:36,(anonymous_1)
DA:36,20
DA:51,36
LF:2
LH:2
BRDA:55,0,0,36
BRDA:55,0,1,18
BRF:2
BRH:2
end_of_record
TN:
SF:src/core/bank-transactions/adapters/mongodb-bulk-bank-transactions-job-request.repository.adapter.ts
FN:25,(anonymous_0)
FN:35,(anonymous_1)
FNF:2
FNH:2
FNDA:20,(anonymous_0)
FNDA:36,(anonymous_1)
DA:32,20
DA:41,36
LF:2
LH:2
BRF:0
BRH:0
end_of_record
TN:
SF:src/core/bank-transactions/adapters/mongodb-ofx-import-bank-transaction-failure.repository.adapter.ts
FN:26,(anonymous_0)
FN:36,(anonymous_1)
FN:51,(anonymous_2)
FN:54,(anonymous_3)
FNF:4
FNH:2
FNDA:20,(anonymous_0)
FNDA:0,(anonymous_1)
FNDA:0,(anonymous_2)
FNDA:1,(anonymous_3)
DA:33,20
DA:43,0
DA:51,0
DA:60,1
LF:4
LH:2
BRF:0
BRH:0
end_of_record
TN:
SF:src/core/bank-transactions/adapters/mongodb-ofx-import-job-execution-by-job-request-ids.repository.adapter.ts
FN:26,(anonymous_0)
FN:42,(anonymous_1)
FN:61,(anonymous_2)
FN:71,(anonymous_3)
FN:87,(anonymous_4)
FNF:5
FNH:5
FNDA:20,(anonymous_0)
FNDA:7,(anonymous_1)
FNDA:17,(anonymous_2)
FNDA:26,(anonymous_3)
FNDA:7,(anonymous_4)
DA:33,20
DA:47,7
DA:49,7
DA:53,7
DA:70,17
DA:71,26
DA:73,17
DA:79,17
DA:82,17
DA:87,17
LF:10
LH:10
BRDA:49,0,0,0
BRDA:49,0,1,7
BRDA:79,1,0,17
BRF:3
BRH:2
end_of_record
TN:
SF:src/core/bank-transactions/adapters/mongodb-ofx-import-job-execution.repository.adapter.ts
FN:32,(anonymous_0)
FN:42,(anonymous_1)
FNF:2
FNH:2
FNDA:20,(anonymous_0)
FNDA:54,(anonymous_1)
DA:39,20
DA:48,54
LF:2
LH:2
BRF:0
BRH:0
end_of_record
TN:
SF:src/core/bank-transactions/adapters/mongodb-ofx-import-job-request.repository.adapter.ts
FN:45,(anonymous_0)
FN:57,(anonymous_1)
FN:73,(anonymous_2)
FN:103,(anonymous_3)
FN:131,(anonymous_4)
FN:132,(anonymous_5)
FN:160,(anonymous_6)
FN:185,(anonymous_7)
FN:186,(anonymous_8)
FN:209,(anonymous_9)
FN:274,(anonymous_10)
FN:279,(anonymous_11)
FN:288,(anonymous_12)
FN:292,(anonymous_13)
FN:293,(anonymous_14)
FN:305,(anonymous_15)
FNF:16
FNH:16
FNDA:20,(anonymous_0)
FNDA:129,(anonymous_1)
FNDA:25,(anonymous_2)
FNDA:4,(anonymous_3)
FNDA:2,(anonymous_4)
FNDA:2,(anonymous_5)
FNDA:2,(anonymous_6)
FNDA:1,(anonymous_7)
FNDA:1,(anonymous_8)
FNDA:3,(anonymous_9)
FNDA:3,(anonymous_10)
FNDA:3,(anonymous_11)
FNDA:3,(anonymous_12)
FNDA:26,(anonymous_13)
FNDA:26,(anonymous_14)
FNDA:26,(anonymous_15)
DA:54,20
DA:65,129
DA:85,25
DA:86,25
DA:87,25
DA:88,25
DA:89,25
DA:92,25
DA:97,25
DA:98,6
DA:101,25
DA:102,3
DA:103,4
DA:108,25
DA:114,25
DA:115,5
DA:121,5
DA:123,2
DA:131,2
DA:132,2
DA:133,2
DA:136,2
DA:137,1
DA:149,3
DA:150,3
DA:151,3
DA:153,3
DA:154,3
DA:160,3
DA:163,3
DA:164,1
DA:176,2
DA:185,2
DA:186,2
DA:187,2
DA:190,2
DA:191,1
DA:205,22
DA:209,3
DA:213,25
DA:214,25
DA:218,25
DA:222,25
DA:223,20
DA:232,22
DA:233,20
DA:234,20
DA:237,22
DA:244,25
DA:247,2
DA:254,2
DA:257,20
DA:272,22
DA:274,3
DA:275,2
DA:278,2
DA:280,3
DA:281,3
DA:282,3
DA:283,3
DA:288,3
DA:292,26
DA:293,26
DA:296,22
DA:297,2
DA:299,20
DA:301,22
DA:303,22
DA:306,26
LF:69
LH:69
BRDA:86,0,0,5
BRDA:86,0,1,20
BRDA:97,1,0,6
BRDA:97,1,1,19
BRDA:97,2,0,25
BRDA:97,2,1,6
BRDA:101,3,0,3
BRDA:101,3,1,22
BRDA:101,4,0,25
BRDA:101,4,1,3
BRDA:114,5,0,5
BRDA:114,5,1,20
BRDA:121,6,0,2
BRDA:121,6,1,3
BRDA:136,7,0,1
BRDA:136,7,1,1
BRDA:163,8,0,1
BRDA:163,8,1,2
BRDA:190,9,0,1
BRDA:190,9,1,1
BRDA:205,10,0,2
BRDA:205,10,1,20
BRDA:218,11,0,2
BRDA:218,11,1,20
BRDA:222,12,0,20
BRDA:222,12,1,5
BRDA:225,13,0,3
BRDA:225,13,1,17
BRDA:232,14,0,20
BRDA:232,14,1,2
BRDA:237,15,0,22
BRDA:244,16,0,2
BRDA:244,16,1,20
BRDA:244,17,0,25
BRDA:244,17,1,2
BRDA:272,18,0,2
BRDA:272,18,1,20
BRDA:272,19,0,22
BRDA:272,19,1,2
BRDA:272,19,2,2
BRDA:281,20,0,3
BRDA:281,20,1,0
BRDA:296,21,0,2
BRDA:296,21,1,20
BRDA:296,22,0,22
BRDA:296,22,1,2
BRDA:299,23,0,20
BRDA:299,23,1,5
BRF:48
BRH:47
end_of_record
TN:
SF:src/core/bank-transactions/constants/bank-transactions.constants.ts
FNF:0
FNH:0
DA:3,8
DA:4,8
DA:9,8
DA:12,8
DA:17,8
DA:20,8
DA:25,8
DA:26,8
DA:31,8
DA:35,8
DA:36,8
DA:37,8
DA:40,8
DA:43,8
DA:46,8
DA:49,8
DA:52,8
DA:53,8
DA:56,8
DA:59,8
DA:62,8
DA:65,8
DA:68,8
DA:72,8
DA:73,8
DA:78,8
DA:79,8
DA:84,8
DA:87,8
DA:92,8
LF:30
LH:30
BRF:0
BRH:0
end_of_record
TN:
SF:src/core/bank-transactions/controllers/bank-transactions.controller.ts
FN:89,(anonymous_0)
FN:120,(anonymous_1)
FN:147,(anonymous_2)
FN:188,(anonymous_3)
FN:218,(anonymous_4)
FN:251,(anonymous_5)
FN:282,(anonymous_6)
FN:314,(anonymous_7)
FN:344,(anonymous_8)
FN:366,(anonymous_9)
FN:393,(anonymous_10)
FN:423,(anonymous_11)
FN:440,(anonymous_12)
FN:467,(anonymous_13)
FN:492,(anonymous_14)
FN:520,(anonymous_15)
FN:547,(anonymous_16)
FN:575,(anonymous_17)
FN:599,(anonymous_18)
FN:623,(anonymous_19)
FNF:20
FNH:19
FNDA:773,(anonymous_0)
FNDA:425,(anonymous_1)
FNDA:32,(anonymous_2)
FNDA:12,(anonymous_3)
FNDA:8,(anonymous_4)
FNDA:10,(anonymous_5)
FNDA:74,(anonymous_6)
FNDA:12,(anonymous_7)
FNDA:4,(anonymous_8)
FNDA:25,(anonymous_9)
FNDA:22,(anonymous_10)
FNDA:20,(anonymous_11)
FNDA:15,(anonymous_12)
FNDA:12,(anonymous_13)
FNDA:18,(anonymous_14)
FNDA:19,(anonymous_15)
FNDA:18,(anonymous_16)
FNDA:6,(anonymous_17)
FNDA:3,(anonymous_18)
FNDA:0,(anonymous_19)
DA:81,8
DA:104,773
DA:124,425
DA:133,423
DA:151,32
DA:153,32
DA:154,3
DA:160,2
DA:163,31
DA:168,31
DA:193,12
DA:223,8
DA:257,10
DA:286,74
DA:290,66
DA:319,12
DA:348,4
DA:370,25
DA:374,25
DA:397,22
DA:398,1
DA:400,21
DA:402,21
DA:410,21
DA:424,20
DA:444,15
DA:471,12
DA:476,5
DA:495,18
DA:503,16
DA:524,19
DA:550,18
DA:579,6
DA:603,3
DA:627,0
DA:632,0
LF:36
LH:34
BRDA:153,0,0,3
BRDA:153,0,1,29
BRDA:397,1,0,1
BRDA:397,1,1,21
BRF:4
BRH:4
end_of_record
TN:
SF:src/core/bank-transactions/controllers/export-bank-transactions.controller.ts
FN:26,(anonymous_0)
FN:48,(anonymous_1)
FNF:2
FNH:1
FNDA:773,(anonymous_0)
FNDA:0,(anonymous_1)
DA:33,773
DA:52,0
DA:53,0
DA:57,0
LF:4
LH:1
BRF:0
BRH:0
end_of_record
TN:
SF:src/core/bank-transactions/dtos/bank-transaction.response.dto.ts
FN:11,(anonymous_0)
FNF:1
FNH:1
FNDA:8,(anonymous_0)
DA:6,8
DA:14,61
LF:2
LH:2
BRF:0
BRH:0
end_of_record
TN:
SF:src/core/bank-transactions/dtos/bank-transactions-page.response.dto.ts
FN:22,(anonymous_0)
FN:28,(anonymous_1)
FN:31,(anonymous_2)
FNF:3
FNH:3
FNDA:8,(anonymous_0)
FNDA:8,(anonymous_1)
FNDA:61,(anonymous_2)
DA:14,8
DA:25,52
DA:29,52
DA:32,61
LF:4
LH:4
BRF:0
BRH:0
end_of_record
TN:
SF:src/core/bank-transactions/dtos/bulk-bank-transactions-job-request.response.dto.ts
FNF:0
FNH:0
DA:5,8
LF:1
LH:1
BRF:0
BRH:0
end_of_record
TN:
SF:src/core/bank-transactions/dtos/create-or-update-bank-transaction.request.body.dto.ts
FNF:0
FNH:0
DA:7,8
LF:1
LH:1
BRF:0
BRH:0
end_of_record
TN:
SF:src/core/bank-transactions/dtos/execute-bank-transactions-create-or-update-best-suggestion-action.request.body.dto.ts
FN:16,(anonymous_0)
FNF:1
FNH:1
FNDA:8,(anonymous_0)
DA:6,8
DA:21,777
LF:2
LH:2
BRF:0
BRH:0
end_of_record
TN:
SF:src/core/bank-transactions/dtos/execute-bulk-bank-transactions-job.request.body.dto.ts
FN:14,(anonymous_0)
FNF:1
FNH:1
FNDA:8,(anonymous_0)
DA:6,8
DA:17,18
LF:2
LH:2
BRF:0
BRH:0
end_of_record
TN:
SF:src/core/bank-transactions/dtos/execute-ofx-import-job.request.body.dto.ts
FNF:0
FNH:0
DA:5,8
LF:1
LH:1
BRF:0
BRH:0
end_of_record
TN:
SF:src/core/bank-transactions/dtos/export-bank-transactions.request.query.dto.ts
FNF:0
FNH:0
DA:7,0
LF:1
LH:0
BRF:0
BRH:0
end_of_record
TN:
SF:src/core/bank-transactions/dtos/export-bank-transactions.response.dto.ts
FN:12,(anonymous_0)
FNF:1
FNH:1
FNDA:8,(anonymous_0)
DA:5,8
DA:13,0
LF:2
LH:1
BRF:0
BRH:0
end_of_record
TN:
SF:src/core/bank-transactions/dtos/find-all-bank-transactions.request.query.dto.ts
FN:12,(anonymous_0)
FNF:1
FNH:1
FNDA:8,(anonymous_0)
DA:7,8
DA:15,2
LF:2
LH:2
BRF:0
BRH:0
end_of_record
TN:
SF:src/core/bank-transactions/dtos/find-all-ofx-import-job-requests.request.query.dto.ts
FN:19,(anonymous_0)
FN:21,(anonymous_1)
FN:28,(anonymous_2)
FN:30,(anonymous_3)
FNF:4
FNH:4
FNDA:6,(anonymous_0)
FNDA:7,(anonymous_1)
FNDA:3,(anonymous_2)
FNDA:4,(anonymous_3)
DA:5,8
DA:20,6
DA:21,7
DA:23,0
DA:29,3
DA:30,4
DA:32,0
LF:7
LH:5
BRDA:20,0,0,6
BRDA:20,0,1,0
BRDA:29,1,0,3
BRDA:29,1,1,0
BRF:4
BRH:2
end_of_record
TN:
SF:src/core/bank-transactions/dtos/ofx-import-job-requests-page.response.dto.ts
FN:59,(anonymous_0)
FNF:1
FNH:1
FNDA:8,(anonymous_0)
DA:11,8
DA:23,8
DA:51,8
DA:62,25
LF:4
LH:4
BRF:0
BRH:0
end_of_record
TN:
SF:src/core/bank-transactions/dtos/ofx-import.request.body.dto.ts
FNF:0
FNH:0
DA:4,8
LF:1
LH:1
BRF:0
BRH:0
end_of_record
TN:
SF:src/core/bank-transactions/dtos/partial-update-bank-transaction.request.body.dto.ts
FNF:0
FNH:0
DA:6,8
LF:1
LH:1
BRF:0
BRH:0
end_of_record
TN:
SF:src/core/bank-transactions/dtos/reconcile-bank-transaction.request.body.dto.ts
FNF:0
FNH:0
DA:4,8
LF:1
LH:1
BRF:0
BRH:0
end_of_record
TN:
SF:src/core/bank-transactions/dtos/should-ai-suggest-action.request.body.dto.ts
FNF:0
FNH:0
DA:6,8
LF:1
LH:1
BRF:0
BRH:0
end_of_record
TN:
SF:src/core/bank-transactions/dtos/should-ai-suggest-action.response.dto.ts
FN:14,(anonymous_0)
FNF:1
FNH:1
FNDA:8,(anonymous_0)
DA:5,8
DA:17,17
LF:2
LH:2
BRF:0
BRH:0
end_of_record
TN:
SF:src/core/bank-transactions/dtos/system-find-all-bank-transactions.request.query.dto.ts
FNF:0
FNH:0
DA:6,8
LF:1
LH:1
BRF:0
BRH:0
end_of_record
TN:
SF:src/core/bank-transactions/dtos/system-organization-find-all-bank-transactions.request.query.dto.ts
FNF:0
FNH:0
LF:0
LH:0
BRF:0
BRH:0
end_of_record
TN:
SF:src/core/bank-transactions/entities/bank-transaction-request.entities.ts
FN:24,(anonymous_0)
FN:31,(anonymous_1)
FN:44,(anonymous_2)
FN:46,(anonymous_3)
FN:59,(anonymous_4)
FN:61,(anonymous_5)
FN:77,(anonymous_6)
FN:111,(anonymous_7)
FN:139,(anonymous_8)
FN:163,(anonymous_9)
FN:195,(anonymous_10)
FNF:11
FNH:11
FNDA:8,(anonymous_0)
FNDA:8,(anonymous_1)
FNDA:17,(anonymous_2)
FNDA:13,(anonymous_3)
FNDA:12,(anonymous_4)
FNDA:9,(anonymous_5)
FNDA:8,(anonymous_6)
FNDA:8,(anonymous_7)
FNDA:8,(anonymous_8)
FNDA:8,(anonymous_9)
FNDA:8,(anonymous_10)
DA:16,8
DA:27,20
DA:31,8
DA:40,8
DA:45,17
DA:46,13
DA:48,4
DA:60,12
DA:61,9
DA:63,6
DA:80,64
DA:85,8
DA:102,8
DA:114,870
DA:120,8
DA:130,8
DA:142,850
DA:147,8
DA:153,8
DA:166,18
DA:171,8
DA:185,8
DA:198,47
LF:23
LH:23
BRDA:45,0,0,13
BRDA:45,0,1,4
BRDA:60,1,0,6
BRDA:60,1,1,6
BRF:4
BRH:4
end_of_record
TN:
SF:src/core/bank-transactions/entities/bank-transaction.entities.ts
FN:12,(anonymous_0)
FN:17,(anonymous_1)
FN:22,(anonymous_2)
FN:175,(anonymous_3)
FN:285,(anonymous_4)
FNF:5
FNH:5
FNDA:8,(anonymous_0)
FNDA:8,(anonymous_1)
FNDA:8,(anonymous_2)
FNDA:8,(anonymous_3)
FNDA:8,(anonymous_4)
DA:12,8
DA:17,8
DA:22,8
DA:27,8
DA:32,8
DA:40,8
DA:49,8
DA:59,8
DA:67,8
DA:75,8
DA:176,1081
DA:279,8
DA:288,64
LF:13
LH:13
BRF:0
BRH:0
end_of_record
TN:
SF:src/core/bank-transactions/entities/bank-transactions-best-suggested-action.entity.ts
FN:6,(anonymous_0)
FN:43,(anonymous_1)
FNF:2
FNH:2
FNDA:8,(anonymous_0)
FNDA:8,(anonymous_1)
DA:6,8
DA:11,8
DA:28,8
DA:46,18
LF:4
LH:4
BRF:0
BRH:0
end_of_record
TN:
SF:src/core/bank-transactions/entities/bulk-bank-transactions-failure.entity.ts
FN:19,(anonymous_0)
FNF:1
FNH:1
FNDA:8,(anonymous_0)
DA:5,8
DA:22,13
LF:2
LH:2
BRF:0
BRH:0
end_of_record
TN:
SF:src/core/bank-transactions/entities/bulk-bank-transactions-job-execution.entity.ts
FN:17,(anonymous_0)
FNF:1
FNH:1
FNDA:8,(anonymous_0)
DA:5,8
DA:20,36
LF:2
LH:2
BRF:0
BRH:0
end_of_record
TN:
SF:src/core/bank-transactions/entities/bulk-bank-transactions-job-request.entity.ts
FN:19,(anonymous_0)
FNF:1
FNH:1
FNDA:8,(anonymous_0)
DA:6,8
DA:22,36
LF:2
LH:2
BRF:0
BRH:0
end_of_record
TN:
SF:src/core/bank-transactions/entities/bulk-bank-transactions-operation.enum.ts
FN:1,(anonymous_0)
FNF:1
FNH:1
FNDA:8,(anonymous_0)
DA:1,8
LF:1
LH:1
BRF:0
BRH:0
end_of_record
TN:
SF:src/core/bank-transactions/entities/create-bulk-bank-transactions-failure.entity.ts
FN:17,(anonymous_0)
FNF:1
FNH:1
FNDA:8,(anonymous_0)
DA:5,8
DA:20,13
LF:2
LH:2
BRF:0
BRH:0
end_of_record
TN:
SF:src/core/bank-transactions/entities/create-bulk-bank-transactions-job-execution.entity.ts
FN:14,(anonymous_0)
FNF:1
FNH:1
FNDA:8,(anonymous_0)
DA:5,8
DA:17,18
LF:2
LH:2
BRF:0
BRH:0
end_of_record
TN:
SF:src/core/bank-transactions/entities/create-bulk-bank-transactions-job-request.entity.ts
FN:18,(anonymous_0)
FNF:1
FNH:1
FNDA:8,(anonymous_0)
DA:6,8
DA:21,19
LF:2
LH:2
BRF:0
BRH:0
end_of_record
TN:
SF:src/core/bank-transactions/entities/create-ofx-import-bank-transaction-failure.entity.ts
FN:20,(anonymous_0)
FNF:1
FNH:1
FNDA:8,(anonymous_0)
DA:7,8
DA:13,8
DA:23,1
LF:3
LH:3
BRF:0
BRH:0
end_of_record
TN:
SF:src/core/bank-transactions/entities/create-ofx-import-job-execution.entity.ts
FN:31,(anonymous_0)
FNF:1
FNH:1
FNDA:8,(anonymous_0)
DA:9,8
DA:24,8
DA:34,18
LF:3
LH:3
BRF:0
BRH:0
end_of_record
TN:
SF:src/core/bank-transactions/entities/create-ofx-import-job-request.entity.ts
FN:24,(anonymous_0)
FNF:1
FNH:1
FNDA:8,(anonymous_0)
DA:7,8
DA:15,8
DA:27,66
LF:3
LH:3
BRF:0
BRH:0
end_of_record
TN:
SF:src/core/bank-transactions/entities/execute-bulk-bank-transactions-job-request.entity.ts
FN:12,(anonymous_0)
FNF:1
FNH:1
FNDA:8,(anonymous_0)
DA:5,8
DA:15,18
LF:2
LH:2
BRF:0
BRH:0
end_of_record
TN:
SF:src/core/bank-transactions/entities/execute-ofx-import-job-request.entity.ts
FN:12,(anonymous_0)
FNF:1
FNH:1
FNDA:8,(anonymous_0)
DA:5,8
DA:15,20
LF:2
LH:2
BRF:0
BRH:0
end_of_record
TN:
SF:src/core/bank-transactions/entities/export-bank-transactions-request.entity.ts
FN:17,(anonymous_0)
FN:23,(anonymous_1)
FN:35,(anonymous_2)
FNF:3
FNH:1
FNDA:8,(anonymous_0)
FNDA:0,(anonymous_1)
FNDA:0,(anonymous_2)
DA:7,8
DA:20,0
DA:24,0
DA:36,0
LF:4
LH:1
BRF:0
BRH:0
end_of_record
TN:
SF:src/core/bank-transactions/entities/find-by-id-bulk-bank-transactions-job-request.entity.ts
FN:12,(anonymous_0)
FNF:1
FNH:1
FNDA:8,(anonymous_0)
DA:5,8
DA:15,18
LF:2
LH:2
BRF:0
BRH:0
end_of_record
TN:
SF:src/core/bank-transactions/entities/find-by-id-ofx-import-job-request.entity.ts
FN:12,(anonymous_0)
FNF:1
FNH:1
FNDA:8,(anonymous_0)
DA:5,8
DA:15,20
LF:2
LH:2
BRF:0
BRH:0
end_of_record
TN:
SF:src/core/bank-transactions/entities/ofx-import-bank-transaction-failure.entity.ts
FN:18,(anonymous_0)
FNF:1
FNH:1
FNDA:8,(anonymous_0)
DA:5,8
DA:21,1
LF:2
LH:2
BRF:0
BRH:0
end_of_record
TN:
SF:src/core/bank-transactions/entities/ofx-import-job-execution.entity.ts
FN:6,(anonymous_0)
FN:44,(anonymous_1)
FNF:2
FNH:2
FNDA:8,(anonymous_0)
FNDA:8,(anonymous_1)
DA:6,8
DA:11,8
DA:47,61
LF:3
LH:3
BRF:0
BRH:0
end_of_record
TN:
SF:src/core/bank-transactions/entities/ofx-import-job-request-page.entity.ts
FN:10,(anonymous_0)
FN:36,(anonymous_1)
FN:51,(anonymous_2)
FNF:3
FNH:3
FNDA:8,(anonymous_0)
FNDA:8,(anonymous_1)
FNDA:8,(anonymous_2)
DA:10,8
DA:17,8
DA:39,26
DA:44,8
DA:54,25
LF:5
LH:5
BRF:0
BRH:0
end_of_record
TN:
SF:src/core/bank-transactions/entities/ofx-import-job-request-request.entities.ts
FN:12,(anonymous_0)
FNF:1
FNH:1
FNDA:8,(anonymous_0)
DA:7,8
DA:15,25
LF:2
LH:2
BRF:0
BRH:0
end_of_record
TN:
SF:src/core/bank-transactions/entities/ofx-import-job-request.entity.ts
FN:40,(anonymous_0)
FNF:1
FNH:1
FNDA:8,(anonymous_0)
DA:6,8
DA:41,129
LF:2
LH:2
BRF:0
BRH:0
end_of_record
TN:
SF:src/core/bank-transactions/entities/ofx-import-request.entity.ts
FN:14,(anonymous_0)
FNF:1
FNH:1
FNDA:8,(anonymous_0)
DA:6,8
DA:15,74
LF:2
LH:2
BRF:0
BRH:0
end_of_record
TN:
SF:src/core/bank-transactions/entities/processed-create-ofx-import-job-request.entity.ts
FN:23,(anonymous_0)
FNF:1
FNH:1
FNDA:8,(anonymous_0)
DA:7,8
DA:14,8
DA:26,66
LF:3
LH:3
BRF:0
BRH:0
end_of_record
TN:
SF:src/core/bank-transactions/lazy-adapters/bank-transactions.repository.lazy.adapter.ts
FN:7,(anonymous_0)
FN:9,(anonymous_1)
FN:14,(anonymous_2)
FN:21,(anonymous_3)
FN:26,(anonymous_4)
FN:33,(anonymous_5)
FN:40,(anonymous_6)
FN:45,(anonymous_7)
FN:50,(anonymous_8)
FN:57,(anonymous_9)
FN:64,(anonymous_10)
FN:69,(anonymous_11)
FN:76,(anonymous_12)
FN:83,(anonymous_13)
FN:90,(anonymous_14)
FNF:15
FNH:2
FNDA:775,(anonymous_0)
FNDA:0,(anonymous_1)
FNDA:0,(anonymous_2)
FNDA:0,(anonymous_3)
FNDA:0,(anonymous_4)
FNDA:0,(anonymous_5)
FNDA:0,(anonymous_6)
FNDA:1,(anonymous_7)
FNDA:0,(anonymous_8)
FNDA:0,(anonymous_9)
FNDA:0,(anonymous_10)
FNDA:0,(anonymous_11)
FNDA:0,(anonymous_12)
FNDA:0,(anonymous_13)
FNDA:0,(anonymous_14)
DA:7,775
DA:10,0
DA:11,0
DA:17,0
DA:18,0
DA:22,0
DA:23,0
DA:29,0
DA:30,0
DA:36,0
DA:37,0
DA:41,0
DA:42,0
DA:46,1
DA:47,1
DA:53,0
DA:54,0
DA:60,0
DA:61,0
DA:65,0
DA:66,0
DA:72,0
DA:73,0
DA:79,0
DA:80,0
DA:86,0
DA:87,0
DA:93,0
DA:94,0
LF:29
LH:3
BRF:0
BRH:0
end_of_record
TN:
SF:src/core/bank-transactions/lazy-adapters/bank-transactions.service.lazy.adapter.ts
FN:7,(anonymous_0)
FN:9,(anonymous_1)
FN:16,(anonymous_2)
FN:23,(anonymous_3)
FN:30,(anonymous_4)
FN:37,(anonymous_5)
FN:44,(anonymous_6)
FN:51,(anonymous_7)
FN:58,(anonymous_8)
FN:65,(anonymous_9)
FN:72,(anonymous_10)
FN:79,(anonymous_11)
FN:86,(anonymous_12)
FN:93,(anonymous_13)
FN:100,(anonymous_14)
FN:107,(anonymous_15)
FN:114,(anonymous_16)
FN:121,(anonymous_17)
FN:128,(anonymous_18)
FN:135,(anonymous_19)
FN:142,(anonymous_20)
FN:149,(anonymous_21)
FNF:22
FNH:19
FNDA:777,(anonymous_0)
FNDA:425,(anonymous_1)
FNDA:5,(anonymous_2)
FNDA:0,(anonymous_3)
FNDA:60,(anonymous_4)
FNDA:12,(anonymous_5)
FNDA:8,(anonymous_6)
FNDA:0,(anonymous_7)
FNDA:10,(anonymous_8)
FNDA:1,(anonymous_9)
FNDA:9,(anonymous_10)
FNDA:74,(anonymous_11)
FNDA:20,(anonymous_12)
FNDA:25,(anonymous_13)
FNDA:36,(anonymous_14)
FNDA:4,(anonymous_15)
FNDA:27,(anonymous_16)
FNDA:18,(anonymous_17)
FNDA:3,(anonymous_18)
FNDA:6,(anonymous_19)
FNDA:3,(anonymous_20)
FNDA:0,(anonymous_21)
DA:7,777
DA:12,425
DA:13,425
DA:19,5
DA:20,5
DA:26,0
DA:27,0
DA:33,60
DA:34,60
DA:40,12
DA:41,12
DA:47,8
DA:48,8
DA:54,0
DA:55,0
DA:61,10
DA:62,10
DA:68,1
DA:69,1
DA:75,9
DA:76,9
DA:82,74
DA:83,74
DA:89,20
DA:90,20
DA:96,25
DA:97,25
DA:103,36
DA:104,36
DA:110,4
DA:111,4
DA:117,27
DA:118,27
DA:124,18
DA:125,18
DA:131,3
DA:132,3
DA:138,6
DA:139,6
DA:145,3
DA:146,3
DA:152,0
DA:153,0
LF:43
LH:37
BRF:0
BRH:0
end_of_record
TN:
SF:src/core/bank-transactions/lazy-adapters/create-bulk-bank-transactions-job-request.service.lazy.adapter.ts
FN:7,(anonymous_0)
FN:9,(anonymous_1)
FNF:2
FNH:2
FNDA:775,(anonymous_0)
FNDA:19,(anonymous_1)
DA:7,775
DA:12,19
DA:13,19
LF:3
LH:3
BRF:0
BRH:0
end_of_record
TN:
SF:src/core/bank-transactions/lazy-adapters/execute-bulk-bank-transactions-job-request.service.lazy.adapter.ts
FN:7,(anonymous_0)
FN:9,(anonymous_1)
FNF:2
FNH:2
FNDA:775,(anonymous_0)
FNDA:18,(anonymous_1)
DA:7,775
DA:12,18
DA:13,18
LF:3
LH:3
BRF:0
BRH:0
end_of_record
TN:
SF:src/core/bank-transactions/lazy-adapters/export-bank-transactions-scheduler.service.lazy.adapter.ts
FN:7,(anonymous_0)
FN:9,(anonymous_1)
FNF:2
FNH:1
FNDA:775,(anonymous_0)
FNDA:0,(anonymous_1)
DA:7,775
DA:12,0
DA:13,0
LF:3
LH:1
BRF:0
BRH:0
end_of_record
TN:
SF:src/core/bank-transactions/lazy-adapters/export-bank-transactions.strategy.lazy.adapter.ts
FN:7,(anonymous_0)
FN:9,(anonymous_1)
FN:13,(anonymous_2)
FNF:3
FNH:2
FNDA:775,(anonymous_0)
FNDA:0,(anonymous_1)
FNDA:2,(anonymous_2)
DA:7,775
DA:10,0
DA:16,2
DA:17,2
LF:4
LH:3
BRF:0
BRH:0
end_of_record
TN:
SF:src/core/bank-transactions/modules/bank-transactions.lazy.module.loader.ts
FN:25,(anonymous_0)
FN:27,(anonymous_1)
FN:31,(anonymous_2)
FN:34,(anonymous_3)
FN:37,(anonymous_4)
FN:50,(anonymous_5)
FN:55,(anonymous_6)
FN:60,(anonymous_7)
FN:67,(anonymous_8)
FN:74,(anonymous_9)
FN:81,(anonymous_10)
FNF:11
FNH:10
FNDA:777,(anonymous_0)
FNDA:786,(anonymous_1)
FNDA:20,(anonymous_2)
FNDA:20,(anonymous_3)
FNDA:20,(anonymous_4)
FNDA:1,(anonymous_5)
FNDA:746,(anonymous_6)
FNDA:19,(anonymous_7)
FNDA:18,(anonymous_8)
FNDA:0,(anonymous_9)
FNDA:2,(anonymous_10)
DA:22,777
DA:23,777
DA:25,777
DA:28,786
DA:29,65
DA:31,20
DA:33,20
DA:34,20
DA:37,20
DA:38,20
DA:39,20
DA:40,20
DA:41,20
DA:43,20
DA:47,20
DA:51,1
DA:52,1
DA:56,746
DA:57,746
DA:61,19
DA:62,19
DA:68,18
DA:69,18
DA:75,0
DA:76,0
DA:82,2
DA:83,2
LF:27
LH:25
BRDA:28,0,0,721
BRDA:28,0,1,65
BRDA:29,1,0,45
BRDA:29,1,1,20
BRF:4
BRH:4
end_of_record
TN:
SF:src/core/bank-transactions/modules/bank-transactions.lazy.module.ts
FNF:0
FNH:0
LF:0
LH:0
BRF:0
BRH:0
end_of_record
TN:
SF:src/core/bank-transactions/modules/bank-transactions.module.ts
FN:222,(anonymous_0)
FN:227,(anonymous_1)
FN:231,(anonymous_2)
FN:242,(anonymous_3)
FN:244,(anonymous_4)
FN:75,(anonymous_5)
FN:91,(anonymous_6)
FN:101,(anonymous_7)
FN:111,(anonymous_8)
FN:121,(anonymous_9)
FN:163,(anonymous_10)
FN:173,(anonymous_11)
FN:199,(anonymous_12)
FNF:13
FNH:9
FNDA:14,(anonymous_0)
FNDA:0,(anonymous_1)
FNDA:0,(anonymous_2)
FNDA:0,(anonymous_3)
FNDA:0,(anonymous_4)
FNDA:60,(anonymous_5)
FNDA:20,(anonymous_6)
FNDA:20,(anonymous_7)
FNDA:20,(anonymous_8)
FNDA:20,(anonymous_9)
FNDA:20,(anonymous_10)
FNDA:20,(anonymous_11)
FNDA:20,(anonymous_12)
DA:75,60
DA:92,20
DA:102,20
DA:112,20
DA:122,20
DA:164,20
DA:174,20
DA:200,20
DA:224,14
DA:228,0
DA:232,0
DA:241,0
DA:242,0
DA:244,0
LF:14
LH:9
BRDA:241,0,0,0
BRDA:241,0,1,0
BRF:2
BRH:0
end_of_record
TN:
SF:src/core/bank-transactions/ports/bank-transactions.repository.port.ts
FNF:0
FNH:0
LF:0
LH:0
BRF:0
BRH:0
end_of_record
TN:
SF:src/core/bank-transactions/ports/bank-transactions.service.port.ts
FNF:0
FNH:0
LF:0
LH:0
BRF:0
BRH:0
end_of_record
TN:
SF:src/core/bank-transactions/ports/bank-transactions.to-entity.port.ts
FNF:0
FNH:0
LF:0
LH:0
BRF:0
BRH:0
end_of_record
TN:
SF:src/core/bank-transactions/ports/bulk-bank-transactions-failure.repository.port.ts
FNF:0
FNH:0
LF:0
LH:0
BRF:0
BRH:0
end_of_record
TN:
SF:src/core/bank-transactions/ports/bulk-bank-transactions-job-execution.repository.port.ts
FNF:0
FNH:0
LF:0
LH:0
BRF:0
BRH:0
end_of_record
TN:
SF:src/core/bank-transactions/ports/bulk-bank-transactions-job-request.repository.port.ts
FNF:0
FNH:0
LF:0
LH:0
BRF:0
BRH:0
end_of_record
TN:
SF:src/core/bank-transactions/ports/create-bulk-bank-transactions-job-request.service.port.ts
FNF:0
FNH:0
LF:0
LH:0
BRF:0
BRH:0
end_of_record
TN:
SF:src/core/bank-transactions/ports/create-ofx-import-job-request.service.port.ts
FNF:0
FNH:0
LF:0
LH:0
BRF:0
BRH:0
end_of_record
TN:
SF:src/core/bank-transactions/ports/execute-bulk-bank-transactions-job-request.service.port.ts
FNF:0
FNH:0
LF:0
LH:0
BRF:0
BRH:0
end_of_record
TN:
SF:src/core/bank-transactions/ports/execute-ofx-import-job-request.service.port.ts
FNF:0
FNH:0
LF:0
LH:0
BRF:0
BRH:0
end_of_record
TN:
SF:src/core/bank-transactions/ports/export-bank-transactions-scheduler.service.port.ts
FNF:0
FNH:0
LF:0
LH:0
BRF:0
BRH:0
end_of_record
TN:
SF:src/core/bank-transactions/ports/ofx-import-bank-transaction-failure.repository.port.ts
FNF:0
FNH:0
LF:0
LH:0
BRF:0
BRH:0
end_of_record
TN:
SF:src/core/bank-transactions/ports/ofx-import-job-execution-by-job-request-ids.repository.port.ts
FNF:0
FNH:0
LF:0
LH:0
BRF:0
BRH:0
end_of_record
TN:
SF:src/core/bank-transactions/ports/ofx-import-job-execution.repository.port.ts
FNF:0
FNH:0
LF:0
LH:0
BRF:0
BRH:0
end_of_record
TN:
SF:src/core/bank-transactions/ports/ofx-import-job-request.repository.port.ts
FNF:0
FNH:0
LF:0
LH:0
BRF:0
BRH:0
end_of_record
TN:
SF:src/core/banking/adapters/pluggy-banking.service.adapter.ts
FN:14,(anonymous_0)
FN:21,(anonymous_1)
FNF:2
FNH:2
FNDA:1,(anonymous_0)
FNDA:7,(anonymous_1)
DA:16,1
DA:18,1
DA:26,7
DA:27,7
DA:34,7
DA:35,6
DA:47,7
DA:53,6
LF:8
LH:8
BRDA:37,0,0,2
BRDA:37,0,1,4
BRDA:43,1,0,5
BRDA:43,1,1,1
BRDA:44,2,0,3
BRDA:44,2,1,3
BRF:6
BRH:6
end_of_record
TN:
SF:src/core/banking/constants/banking.constants.ts
FN:1,(anonymous_0)
FNF:1
FNH:1
FNDA:8,(anonymous_0)
DA:1,8
DA:7,8
DA:8,8
LF:3
LH:3
BRF:0
BRH:0
end_of_record
TN:
SF:src/core/banking/lazy-adapters/banking.service.lazy.adapter.ts
FN:10,(anonymous_0)
FN:12,(anonymous_1)
FNF:2
FNH:1
FNDA:128,(anonymous_0)
FNDA:0,(anonymous_1)
DA:10,128
DA:17,0
DA:18,0
LF:3
LH:1
BRF:0
BRH:0
end_of_record
TN:
SF:src/core/banking/modules/banking.lazy.module.loader.ts
FN:12,(anonymous_0)
FN:14,(anonymous_1)
FN:18,(anonymous_2)
FN:20,(anonymous_3)
FN:23,(anonymous_4)
FN:42,(anonymous_5)
FNF:6
FNH:1
FNDA:128,(anonymous_0)
FNDA:0,(anonymous_1)
FNDA:0,(anonymous_2)
FNDA:0,(anonymous_3)
FNDA:0,(anonymous_4)
FNDA:0,(anonymous_5)
DA:9,128
DA:10,128
DA:12,128
DA:15,0
DA:16,0
DA:18,0
DA:19,0
DA:20,0
DA:23,0
DA:24,0
DA:26,0
DA:27,0
DA:29,0
DA:30,0
DA:32,0
DA:33,0
DA:35,0
DA:39,0
DA:43,0
DA:44,0
LF:20
LH:3
BRDA:15,0,0,0
BRDA:15,0,1,0
BRDA:16,1,0,0
BRDA:16,1,1,0
BRF:4
BRH:0
end_of_record
TN:
SF:src/core/banking/modules/banking.lazy.module.ts
FN:15,(anonymous_0)
FNF:1
FNH:1
FNDA:128,(anonymous_0)
DA:16,128
DA:20,91
DA:22,37
LF:3
LH:3
BRDA:16,0,0,91
BRDA:16,0,1,37
BRDA:16,1,0,128
BRDA:16,1,1,128
BRF:4
BRH:4
end_of_record
TN:
SF:src/core/banking/modules/banking.module.ts
FNF:0
FNH:0
LF:0
LH:0
BRF:0
BRH:0
end_of_record
TN:
SF:src/core/banking/ports/banking.service.port.ts
FNF:0
FNH:0
DA:4,0
LF:1
LH:0
BRF:0
BRH:0
end_of_record
TN:
SF:src/core/bulk-create/adapters/bulk-create-job-execution.service.adapter.ts
FN:16,(anonymous_0)
FN:26,(anonymous_1)
FNF:2
FNH:2
FNDA:8,(anonymous_0)
FNDA:5,(anonymous_1)
DA:23,8
DA:30,5
LF:2
LH:2
BRF:0
BRH:0
end_of_record
TN:
SF:src/core/bulk-create/adapters/create-bulk-create-job-request.service.adapter.ts
FN:26,(anonymous_0)
FN:42,(anonymous_1)
FN:55,(anonymous_2)
FNF:3
FNH:3
FNDA:8,(anonymous_0)
FNDA:14,(anonymous_1)
FNDA:14,(anonymous_2)
DA:39,8
DA:51,14
DA:54,12
DA:55,12
DA:57,14
DA:62,13
DA:67,13
DA:78,13
DA:81,12
DA:83,2
DA:86,12
DA:90,14
DA:91,12
DA:95,13
LF:14
LH:14
BRDA:51,0,0,14
BRDA:51,0,1,12
BRDA:81,1,0,2
BRDA:81,1,1,12
BRDA:90,2,0,12
BRDA:90,2,1,2
BRF:6
BRH:6
end_of_record
TN:
SF:src/core/bulk-create/adapters/execute-bulk-create-job-request.service.adapter.ts
FN:66,(anonymous_0)
FN:90,(anonymous_1)
FN:131,(anonymous_2)
FN:141,(anonymous_3)
FN:157,(anonymous_4)
FN:206,(anonymous_5)
FN:242,(anonymous_6)
FN:268,(anonymous_7)
FN:293,(anonymous_8)
FN:303,(anonymous_9)
FN:306,(anonymous_10)
FN:324,(anonymous_11)
FN:328,(anonymous_12)
FN:341,(anonymous_13)
FNF:14
FNH:14
FNDA:8,(anonymous_0)
FNDA:10,(anonymous_1)
FNDA:10,(anonymous_2)
FNDA:9,(anonymous_3)
FNDA:9,(anonymous_4)
FNDA:9,(anonymous_5)
FNDA:9,(anonymous_6)
FNDA:9,(anonymous_7)
FNDA:20,(anonymous_8)
FNDA:49,(anonymous_9)
FNDA:68,(anonymous_10)
FNDA:3,(anonymous_11)
FNDA:9,(anonymous_12)
FNDA:3,(anonymous_13)
DA:64,8
DA:87,8
DA:97,10
DA:98,9
DA:99,9
DA:100,9
DA:102,9
DA:110,9
DA:135,10
DA:145,9
DA:158,9
DA:160,9
DA:166,9
DA:180,9
DA:181,9
DA:198,9
DA:204,9
DA:207,9
DA:212,9
DA:235,9
DA:246,9
DA:248,9
DA:252,9
DA:255,9
DA:259,9
DA:261,9
DA:265,9
DA:272,9
DA:273,9
DA:275,9
DA:278,9
DA:280,68
DA:282,68
DA:283,11
DA:284,11
DA:287,68
DA:290,9
DA:297,20
DA:300,19
DA:301,19
DA:302,19
DA:303,49
DA:307,68
DA:309,68
DA:310,68
DA:317,65
DA:319,3
DA:320,3
DA:325,3
DA:331,9
DA:333,4
DA:335,5
DA:337,0
DA:346,3
DA:348,3
DA:350,3
LF:56
LH:55
BRDA:275,0,0,1
BRDA:275,0,1,8
BRDA:275,1,0,9
BRDA:275,1,1,4
BRDA:282,2,0,11
BRDA:282,2,1,57
BRDA:297,3,0,1
BRDA:297,3,1,19
BRDA:301,4,0,0
BRDA:301,4,1,19
BRDA:331,5,0,4
BRDA:331,5,1,5
BRDA:331,5,2,0
BRF:13
BRH:11
end_of_record
TN:
SF:src/core/bulk-create/adapters/mongodb-bulk-create-failure.repository.adapter.ts
FN:24,(anonymous_0)
FN:34,(anonymous_1)
FNF:2
FNH:2
FNDA:8,(anonymous_0)
FNDA:3,(anonymous_1)
DA:31,8
DA:40,3
LF:2
LH:2
BRF:0
BRH:0
end_of_record
TN:
SF:src/core/bulk-create/adapters/mongodb-bulk-create-job-execution.repository.adapter.ts
FN:32,(anonymous_0)
FN:42,(anonymous_1)
FN:56,(anonymous_2)
FNF:3
FNH:3
FNDA:8,(anonymous_0)
FNDA:18,(anonymous_1)
FNDA:5,(anonymous_2)
DA:39,8
DA:48,18
DA:60,5
DA:63,5
DA:65,5
DA:73,5
LF:6
LH:6
BRF:0
BRH:0
end_of_record
TN:
SF:src/core/bulk-create/adapters/mongodb-bulk-create-job-request.repository.adapter.ts
FN:25,(anonymous_0)
FN:35,(anonymous_1)
FNF:2
FNH:2
FNDA:8,(anonymous_0)
FNDA:22,(anonymous_1)
DA:32,8
DA:41,22
LF:2
LH:2
BRF:0
BRH:0
end_of_record
TN:
SF:src/core/bulk-create/constants/bulk-create.constants.ts
FNF:0
FNH:0
DA:3,8
DA:4,8
DA:9,8
DA:10,8
DA:15,8
DA:16,8
DA:21,8
DA:24,8
DA:27,8
DA:28,8
DA:31,8
DA:32,8
LF:12
LH:12
BRF:0
BRH:0
end_of_record
TN:
SF:src/core/bulk-create/controllers/bulk-create.controller.ts
FN:27,(anonymous_0)
FN:48,(anonymous_1)
FN:76,(anonymous_2)
FNF:3
FNH:3
FNDA:30,(anonymous_0)
FNDA:12,(anonymous_1)
FNDA:10,(anonymous_2)
DA:36,30
DA:52,12
DA:66,12
DA:77,10
LF:4
LH:4
BRF:0
BRH:0
end_of_record
TN:
SF:src/core/bulk-create/dtos/bulk-create-job-request.response.dto.ts
FNF:0
FNH:0
DA:6,8
LF:1
LH:1
BRF:0
BRH:0
end_of_record
TN:
SF:src/core/bulk-create/dtos/execute-bulk-create-job.request.body.dto.ts
FNF:0
FNH:0
DA:5,0
LF:1
LH:0
BRF:0
BRH:0
end_of_record
TN:
SF:src/core/bulk-create/entities/bulk-create-failure.entity.ts
FN:19,(anonymous_0)
FNF:1
FNH:1
FNDA:6,(anonymous_0)
DA:5,6
DA:20,3
LF:2
LH:2
BRF:0
BRH:0
end_of_record
TN:
SF:src/core/bulk-create/entities/bulk-create-job-execution.entity.ts
FN:16,(anonymous_0)
FNF:1
FNH:1
FNDA:6,(anonymous_0)
DA:5,6
DA:19,18
LF:2
LH:2
BRF:0
BRH:0
end_of_record
TN:
SF:src/core/bulk-create/entities/bulk-create-job-request.entity.ts
FN:22,(anonymous_0)
FNF:1
FNH:1
FNDA:8,(anonymous_0)
DA:6,8
DA:25,22
LF:2
LH:2
BRF:0
BRH:0
end_of_record
TN:
SF:src/core/bulk-create/entities/create-bulk-create-failure.entity.ts
FN:19,(anonymous_0)
FNF:1
FNH:1
FNDA:6,(anonymous_0)
DA:6,6
DA:12,6
DA:22,3
LF:3
LH:3
BRF:0
BRH:0
end_of_record
TN:
SF:src/core/bulk-create/entities/create-bulk-create-job-execution.entity.ts
FN:20,(anonymous_0)
FNF:1
FNH:1
FNDA:6,(anonymous_0)
DA:6,6
DA:13,6
DA:23,9
LF:3
LH:3
BRF:0
BRH:0
end_of_record
TN:
SF:src/core/bulk-create/entities/create-bulk-create-job-request.entity.ts
FN:28,(anonymous_0)
FNF:1
FNH:1
FNDA:8,(anonymous_0)
DA:7,8
DA:19,8
DA:31,14
LF:3
LH:3
BRF:0
BRH:0
end_of_record
TN:
SF:src/core/bulk-create/entities/execute-bulk-create-job-request.entity.ts
FN:13,(anonymous_0)
FNF:1
FNH:1
FNDA:8,(anonymous_0)
DA:6,8
DA:16,10
LF:2
LH:2
BRF:0
BRH:0
end_of_record
TN:
SF:src/core/bulk-create/entities/find-by-id-bulk-create-job-request.entity.ts
FN:13,(anonymous_0)
FNF:1
FNH:1
FNDA:6,(anonymous_0)
DA:6,6
DA:16,10
LF:2
LH:2
BRF:0
BRH:0
end_of_record
TN:
SF:src/core/bulk-create/lazy-adapters/bulk-create-job-execution.repository.lazy.adapter.ts
FN:7,(anonymous_0)
FN:9,(anonymous_1)
FN:14,(anonymous_2)
FN:21,(anonymous_3)
FN:30,(anonymous_4)
FN:35,(anonymous_5)
FNF:6
FNH:0
FNDA:0,(anonymous_0)
FNDA:0,(anonymous_1)
FNDA:0,(anonymous_2)
FNDA:0,(anonymous_3)
FNDA:0,(anonymous_4)
FNDA:0,(anonymous_5)
DA:7,0
DA:10,0
DA:11,0
DA:17,0
DA:18,0
DA:26,0
DA:27,0
DA:31,0
DA:32,0
DA:36,0
DA:37,0
LF:11
LH:0
BRF:0
BRH:0
end_of_record
TN:
SF:src/core/bulk-create/lazy-adapters/bulk-create-job-execution.service.lazy.adapter.ts
FN:7,(anonymous_0)
FN:9,(anonymous_1)
FNF:2
FNH:2
FNDA:30,(anonymous_0)
FNDA:5,(anonymous_1)
DA:7,30
DA:12,5
DA:13,5
LF:3
LH:3
BRF:0
BRH:0
end_of_record
TN:
SF:src/core/bulk-create/lazy-adapters/create-bulk-create-job-request.service.lazy.adapter.ts
FN:7,(anonymous_0)
FN:9,(anonymous_1)
FNF:2
FNH:2
FNDA:30,(anonymous_0)
FNDA:14,(anonymous_1)
DA:7,30
DA:10,14
DA:11,14
LF:3
LH:3
BRF:0
BRH:0
end_of_record
TN:
SF:src/core/bulk-create/lazy-adapters/execute-bulk-create-job-request.service.lazy.adapter.ts
FN:7,(anonymous_0)
FN:9,(anonymous_1)
FNF:2
FNH:2
FNDA:30,(anonymous_0)
FNDA:10,(anonymous_1)
DA:7,30
DA:10,10
DA:11,10
LF:3
LH:3
BRF:0
BRH:0
end_of_record
TN:
SF:src/core/bulk-create/modules/bulk-create.lazy.module.loader.ts
FN:27,(anonymous_0)
FN:33,(anonymous_1)
FN:38,(anonymous_2)
FN:41,(anonymous_3)
FN:44,(anonymous_4)
FN:57,(anonymous_5)
FN:64,(anonymous_6)
FN:71,(anonymous_7)
FN:78,(anonymous_8)
FNF:9
FNH:8
FNDA:30,(anonymous_0)
FNDA:29,(anonymous_1)
FNDA:8,(anonymous_2)
FNDA:8,(anonymous_3)
FNDA:8,(anonymous_4)
FNDA:14,(anonymous_5)
FNDA:10,(anonymous_6)
FNDA:0,(anonymous_7)
FNDA:5,(anonymous_8)
DA:24,30
DA:25,30
DA:28,30
DA:30,30
DA:34,29
DA:35,10
DA:37,8
DA:38,8
DA:40,8
DA:41,8
DA:44,8
DA:45,8
DA:46,8
DA:47,8
DA:48,8
DA:50,8
DA:54,8
DA:58,14
DA:59,14
DA:65,10
DA:66,10
DA:72,0
DA:73,0
DA:79,5
DA:80,5
LF:25
LH:23
BRDA:34,0,0,19
BRDA:34,0,1,10
BRDA:35,1,0,2
BRDA:35,1,1,8
BRF:4
BRH:4
end_of_record
TN:
SF:src/core/bulk-create/modules/bulk-create.lazy.module.ts
FNF:0
FNH:0
LF:0
LH:0
BRF:0
BRH:0
end_of_record
TN:
SF:src/core/bulk-create/modules/bulk-create.module.ts
FN:38,(anonymous_0)
FN:43,(anonymous_1)
FN:47,(anonymous_2)
FN:67,(anonymous_3)
FNF:4
FNH:2
FNDA:8,(anonymous_0)
FNDA:0,(anonymous_1)
FNDA:0,(anonymous_2)
FNDA:6,(anonymous_3)
DA:40,8
DA:44,0
DA:48,0
DA:49,0
DA:50,0
DA:52,0
DA:53,0
DA:59,0
DA:68,8
DA:69,8
DA:73,8
DA:77,8
DA:82,8
LF:13
LH:6
BRDA:52,0,0,0
BRDA:52,0,1,0
BRF:2
BRH:0
end_of_record
TN:
SF:src/core/bulk-create/ports/bulk-create-failure.repository.port.ts
FNF:0
FNH:0
LF:0
LH:0
BRF:0
BRH:0
end_of_record
TN:
SF:src/core/bulk-create/ports/bulk-create-job-execution.repository.port.ts
FNF:0
FNH:0
LF:0
LH:0
BRF:0
BRH:0
end_of_record
TN:
SF:src/core/bulk-create/ports/bulk-create-job-execution.service.port.ts
FNF:0
FNH:0
LF:0
LH:0
BRF:0
BRH:0
end_of_record
TN:
SF:src/core/bulk-create/ports/bulk-create-job-request.repository.port.ts
FNF:0
FNH:0
LF:0
LH:0
BRF:0
BRH:0
end_of_record
TN:
SF:src/core/bulk-create/ports/create-bulk-create-job-request.service.port.ts
FNF:0
FNH:0
LF:0
LH:0
BRF:0
BRH:0
end_of_record
TN:
SF:src/core/bulk-create/ports/execute-bulk-create-job-request.service.port.ts
FNF:0
FNH:0
LF:0
LH:0
BRF:0
BRH:0
end_of_record
TN:
SF:src/core/bulk-remove/adapters/execute-bulk-remove-job-request.service.adapter.ts
FN:71,(anonymous_0)
FN:101,(anonymous_1)
FN:143,(anonymous_2)
FN:150,(anonymous_3)
FN:156,(anonymous_4)
FN:182,(anonymous_5)
FN:204,(anonymous_6)
FN:228,(anonymous_7)
FN:238,(anonymous_8)
FN:250,(anonymous_9)
FN:295,(anonymous_10)
FNF:11
FNH:11
FNDA:8,(anonymous_0)
FNDA:11,(anonymous_1)
FNDA:10,(anonymous_2)
FNDA:21,(anonymous_3)
FNDA:21,(anonymous_4)
FNDA:1,(anonymous_5)
FNDA:10,(anonymous_6)
FNDA:11,(anonymous_7)
FNDA:10,(anonymous_8)
FNDA:10,(anonymous_9)
FNDA:10,(anonymous_10)
DA:69,8
DA:98,8
DA:108,11
DA:109,10
DA:110,10
DA:111,10
DA:117,10
DA:148,10
DA:149,10
DA:150,21
DA:153,10
DA:164,21
DA:165,21
DA:169,20
DA:171,1
DA:172,1
DA:189,1
DA:191,1
DA:232,11
DA:242,10
DA:257,10
DA:271,10
DA:272,10
DA:274,10
DA:276,10
DA:293,10
DA:296,10
DA:301,10
DA:303,10
DA:307,10
LF:30
LH:30
BRDA:274,0,0,10
BRDA:303,1,0,10
BRF:2
BRH:2
end_of_record
TN:
SF:src/core/bulk-remove/adapters/mongodb-bulk-remove-failure.repository.adapter.ts
FN:24,(anonymous_0)
FNF:1
FNH:1
FNDA:8,(anonymous_0)
DA:31,8
LF:1
LH:1
BRF:0
BRH:0
end_of_record
TN:
SF:src/core/bulk-remove/adapters/mongodb-bulk-remove-job-execution.repository.adapter.ts
FN:24,(anonymous_0)
FN:34,(anonymous_1)
FNF:2
FNH:2
FNDA:8,(anonymous_0)
FNDA:10,(anonymous_1)
DA:31,8
DA:40,10
LF:2
LH:2
BRF:0
BRH:0
end_of_record
TN:
SF:src/core/bulk-remove/adapters/mongodb-bulk-remove-job-request.repository.adapter.ts
FN:25,(anonymous_0)
FN:35,(anonymous_1)
FNF:2
FNH:2
FNDA:8,(anonymous_0)
FNDA:21,(anonymous_1)
DA:32,8
DA:41,21
LF:2
LH:2
BRF:0
BRH:0
end_of_record
TN:
SF:src/core/bulk-remove/adapters/schedule-bulk-remove.service.adapter.ts
FN:22,(anonymous_0)
FN:34,(anonymous_1)
FNF:2
FNH:2
FNDA:8,(anonymous_0)
FNDA:11,(anonymous_1)
DA:31,8
DA:41,11
DA:46,11
DA:54,11
LF:4
LH:4
BRF:0
BRH:0
end_of_record
TN:
SF:src/core/bulk-remove/constants/bulk-remove.constants.ts
FNF:0
FNH:0
DA:1,8
DA:4,8
DA:9,8
DA:10,8
DA:15,8
DA:16,8
DA:21,8
DA:22,8
DA:25,8
DA:27,8
DA:30,8
LF:11
LH:11
BRF:0
BRH:0
end_of_record
TN:
SF:src/core/bulk-remove/controllers/bulk-remove.controller.ts
FN:26,(anonymous_0)
FN:47,(anonymous_1)
FN:73,(anonymous_2)
FNF:3
FNH:3
FNDA:49,(anonymous_0)
FNDA:11,(anonymous_1)
FNDA:11,(anonymous_2)
DA:35,49
DA:51,11
DA:63,11
DA:74,11
LF:4
LH:4
BRF:0
BRH:0
end_of_record
TN:
SF:src/core/bulk-remove/dtos/bulk-remove-job-request.response.dto.ts
FNF:0
FNH:0
DA:6,8
LF:1
LH:1
BRF:0
BRH:0
end_of_record
TN:
SF:src/core/bulk-remove/dtos/execute-bulk-remove-job.request.body.dto.ts
FNF:0
FNH:0
DA:5,0
LF:1
LH:0
BRF:0
BRH:0
end_of_record
TN:
SF:src/core/bulk-remove/entities/bulk-remove-failure.entity.ts
FN:16,(anonymous_0)
FNF:1
FNH:1
FNDA:5,(anonymous_0)
DA:5,5
DA:17,1
LF:2
LH:2
BRF:0
BRH:0
end_of_record
TN:
SF:src/core/bulk-remove/entities/bulk-remove-job-execution.entity.ts
FN:13,(anonymous_0)
FNF:1
FNH:1
FNDA:5,(anonymous_0)
DA:5,5
DA:16,10
LF:2
LH:2
BRF:0
BRH:0
end_of_record
TN:
SF:src/core/bulk-remove/entities/bulk-remove-job-request.entity.ts
FN:17,(anonymous_0)
FNF:1
FNH:1
FNDA:8,(anonymous_0)
DA:6,8
DA:20,21
LF:2
LH:2
BRF:0
BRH:0
end_of_record
TN:
SF:src/core/bulk-remove/entities/create-bulk-remove-failure.entity.ts
FN:19,(anonymous_0)
FNF:1
FNH:1
FNDA:5,(anonymous_0)
DA:6,5
DA:12,5
DA:22,1
LF:3
LH:3
BRF:0
BRH:0
end_of_record
TN:
SF:src/core/bulk-remove/entities/create-bulk-remove-job-execution.entity.ts
FN:19,(anonymous_0)
FNF:1
FNH:1
FNDA:5,(anonymous_0)
DA:6,5
DA:12,5
DA:22,10
LF:3
LH:3
BRF:0
BRH:0
end_of_record
TN:
SF:src/core/bulk-remove/entities/create-bulk-remove-job-request.entity.ts
FN:23,(anonymous_0)
FNF:1
FNH:1
FNDA:8,(anonymous_0)
DA:7,8
DA:14,8
DA:26,11
LF:3
LH:3
BRF:0
BRH:0
end_of_record
TN:
SF:src/core/bulk-remove/entities/execute-bulk-remove-job-request.entity.ts
FN:13,(anonymous_0)
FNF:1
FNH:1
FNDA:8,(anonymous_0)
DA:6,8
DA:16,11
LF:2
LH:2
BRF:0
BRH:0
end_of_record
TN:
SF:src/core/bulk-remove/entities/find-by-id-bulk-remove-job-request.entity.ts
FN:12,(anonymous_0)
FNF:1
FNH:1
FNDA:5,(anonymous_0)
DA:5,5
DA:15,11
LF:2
LH:2
BRF:0
BRH:0
end_of_record
TN:
SF:src/core/bulk-remove/lazy-adapters/create-bulk-remove-job-request.service.lazy.adapter.ts
FN:7,(anonymous_0)
FN:9,(anonymous_1)
FNF:2
FNH:2
FNDA:49,(anonymous_0)
FNDA:11,(anonymous_1)
DA:7,49
DA:10,11
DA:11,11
LF:3
LH:3
BRF:0
BRH:0
end_of_record
TN:
SF:src/core/bulk-remove/lazy-adapters/execute-bulk-remove-job-request.service.lazy.adapter.ts
FN:7,(anonymous_0)
FN:9,(anonymous_1)
FNF:2
FNH:2
FNDA:49,(anonymous_0)
FNDA:11,(anonymous_1)
DA:7,49
DA:10,11
DA:11,11
LF:3
LH:3
BRF:0
BRH:0
end_of_record
TN:
SF:src/core/bulk-remove/modules/bulk-remove.lazy.module.loader.ts
FN:23,(anonymous_0)
FN:29,(anonymous_1)
FN:34,(anonymous_2)
FN:37,(anonymous_3)
FN:40,(anonymous_4)
FN:53,(anonymous_5)
FN:60,(anonymous_6)
FNF:7
FNH:7
FNDA:49,(anonymous_0)
FNDA:22,(anonymous_1)
FNDA:8,(anonymous_2)
FNDA:8,(anonymous_3)
FNDA:8,(anonymous_4)
FNDA:11,(anonymous_5)
FNDA:11,(anonymous_6)
DA:20,49
DA:21,49
DA:24,49
DA:26,49
DA:30,22
DA:31,8
DA:33,8
DA:34,8
DA:36,8
DA:37,8
DA:40,8
DA:41,8
DA:42,8
DA:43,8
DA:44,8
DA:46,8
DA:50,8
DA:54,11
DA:55,11
DA:61,11
DA:62,11
LF:21
LH:21
BRDA:30,0,0,14
BRDA:30,0,1,8
BRDA:31,1,0,0
BRDA:31,1,1,8
BRF:4
BRH:3
end_of_record
TN:
SF:src/core/bulk-remove/modules/bulk-remove.lazy.module.ts
FNF:0
FNH:0
LF:0
LH:0
BRF:0
BRH:0
end_of_record
TN:
SF:src/core/bulk-remove/modules/bulk-remove.module.ts
FN:39,(anonymous_0)
FN:44,(anonymous_1)
FN:48,(anonymous_2)
FN:68,(anonymous_3)
FNF:4
FNH:2
FNDA:8,(anonymous_0)
FNDA:0,(anonymous_1)
FNDA:0,(anonymous_2)
FNDA:5,(anonymous_3)
DA:41,8
DA:45,0
DA:49,0
DA:50,0
DA:51,0
DA:53,0
DA:54,0
DA:60,0
DA:69,8
DA:70,8
DA:74,8
DA:78,8
DA:83,8
LF:13
LH:6
BRDA:53,0,0,0
BRDA:53,0,1,0
BRF:2
BRH:0
end_of_record
TN:
SF:src/core/bulk-remove/ports/bulk-remove-failure.repository.port.ts
FNF:0
FNH:0
LF:0
LH:0
BRF:0
BRH:0
end_of_record
TN:
SF:src/core/bulk-remove/ports/bulk-remove-job-execution.repository.port.ts
FNF:0
FNH:0
LF:0
LH:0
BRF:0
BRH:0
end_of_record
TN:
SF:src/core/bulk-remove/ports/bulk-remove-job-request.repository.port.ts
FNF:0
FNH:0
LF:0
LH:0
BRF:0
BRH:0
end_of_record
TN:
SF:src/core/bulk-remove/ports/create-bulk-remove-job-request.service.port.ts
FNF:0
FNH:0
LF:0
LH:0
BRF:0
BRH:0
end_of_record
TN:
SF:src/core/bulk-remove/ports/execute-bulk-remove-job-request.service.port.ts
FNF:0
FNH:0
LF:0
LH:0
BRF:0
BRH:0
end_of_record
TN:
[...]
DA:17,14
DA:18,14
DA:24,910
DA:25,910
DA:31,11
DA:32,11
DA:38,0
DA:39,0
LF:11
LH:9
BRF:0
BRH:0
end_of_record
TN:
SF:src/core/subscriptions/modules/subscriptions.lazy.module.loader.ts
FN:19,(anonymous_0)
FN:25,(anonymous_1)
FN:30,(anonymous_2)
FN:33,(anonymous_3)
FN:36,(anonymous_4)
FN:49,(anonymous_5)
FN:54,(anonymous_6)
FNF:7
FNH:6
FNDA:18,(anonymous_0)
FNDA:1426,(anonymous_1)
FNDA:10,(anonymous_2)
FNDA:10,(anonymous_3)
FNDA:10,(anonymous_4)
FNDA:1426,(anonymous_5)
FNDA:0,(anonymous_6)
DA:16,18
DA:17,18
DA:20,18
DA:22,18
DA:26,1426
DA:27,116
DA:29,10
DA:30,10
DA:32,10
DA:33,10
DA:36,10
DA:37,10
DA:38,10
DA:39,10
DA:40,10
DA:42,10
DA:46,10
DA:50,1426
DA:51,1426
DA:55,0
DA:56,0
LF:21
LH:19
BRDA:26,0,0,1310
BRDA:26,0,1,116
BRDA:27,1,0,106
BRDA:27,1,1,10
BRF:4
BRH:4
end_of_record
TN:
SF:src/core/subscriptions/modules/subscriptions.lazy.module.ts
FNF:0
FNH:0
LF:0
LH:0
BRF:0
BRH:0
end_of_record
TN:
SF:src/core/subscriptions/modules/subscriptions.module.ts
FN:20,(anonymous_0)
FN:27,(anonymous_1)
FN:31,(anonymous_2)
FN:40,(anonymous_3)
FNF:4
FNH:2
FNDA:10,(anonymous_0)
FNDA:0,(anonymous_1)
FNDA:0,(anonymous_2)
FNDA:7,(anonymous_3)
DA:22,10
DA:24,10
DA:28,0
DA:32,0
DA:33,0
DA:34,0
DA:36,0
DA:41,10
DA:42,10
DA:47,10
LF:10
LH:5
BRDA:33,0,0,0
BRDA:33,0,1,0
BRF:2
BRH:0
end_of_record
TN:
SF:src/core/subscriptions/ports/subscriptions.repository.port.ts
FNF:0
FNH:0
LF:0
LH:0
BRF:0
BRH:0
end_of_record
TN:
SF:src/core/subscriptions/ports/subscriptions.service.port.ts
FNF:0
FNH:0
LF:0
LH:0
BRF:0
BRH:0
end_of_record
TN:
SF:src/core/subscriptions/ports/subscriptions.to-entity.port.ts
FNF:0
FNH:0
LF:0
LH:0
BRF:0
BRH:0
end_of_record
TN:
SF:src/core/tags/adapters/export-tags-scheduler.service.adapter.ts
FN:23,(anonymous_0)
FN:35,(anonymous_1)
FNF:2
FNH:2
FNDA:76,(anonymous_0)
FNDA:2,(anonymous_1)
DA:32,76
DA:42,2
DA:55,2
DA:63,2
LF:4
LH:4
BRF:0
BRH:0
end_of_record
TN:
SF:src/core/tags/adapters/export-tags.strategy.adapter.ts
FN:26,(anonymous_0)
FN:60,(anonymous_1)
FN:78,(anonymous_2)
FN:105,(anonymous_3)
FN:107,(anonymous_4)
FN:108,(anonymous_5)
FN:111,(anonymous_6)
FN:115,(anonymous_7)
FNF:8
FNH:8
FNDA:76,(anonymous_0)
FNDA:2,(anonymous_1)
FNDA:2,(anonymous_2)
FNDA:102,(anonymous_3)
FNDA:100,(anonymous_4)
FNDA:100,(anonymous_5)
FNDA:100,(anonymous_6)
FNDA:100,(anonymous_7)
DA:47,76
DA:64,2
DA:70,2
DA:75,2
DA:82,2
DA:83,2
DA:84,2
DA:85,2
DA:91,2
DA:96,2
DA:97,100
DA:100,2
DA:101,2
DA:106,102
DA:107,100
DA:108,100
DA:111,100
DA:115,100
LF:18
LH:18
BRF:0
BRH:0
end_of_record
TN:
SF:src/core/tags/adapters/mongodb-tags.repository.adapter.ts
FN:43,(anonymous_0)
FN:57,(anonymous_1)
FN:70,(anonymous_2)
FN:75,(anonymous_3)
FN:98,(anonymous_4)
FN:126,(anonymous_5)
FN:127,(anonymous_6)
FN:155,(anonymous_7)
FN:180,(anonymous_8)
FN:181,(anonymous_9)
FN:204,(anonymous_10)
FN:275,(anonymous_11)
FN:280,(anonymous_12)
FN:289,(anonymous_13)
FN:293,(anonymous_14)
FN:294,(anonymous_15)
FN:301,(anonymous_16)
FN:320,(anonymous_17)
FN:334,(anonymous_18)
FN:357,(anonymous_19)
FNF:20
FNH:19
FNDA:152,(anonymous_0)
FNDA:4324,(anonymous_1)
FNDA:2641,(anonymous_2)
FNDA:37,(anonymous_3)
FNDA:14,(anonymous_4)
FNDA:2,(anonymous_5)
FNDA:2,(anonymous_6)
FNDA:3,(anonymous_7)
FNDA:1,(anonymous_8)
FNDA:1,(anonymous_9)
FNDA:3,(anonymous_10)
FNDA:3,(anonymous_11)
FNDA:3,(anonymous_12)
FNDA:3,(anonymous_13)
FNDA:391,(anonymous_14)
FNDA:391,(anonymous_15)
FNDA:3,(anonymous_16)
FNDA:389,(anonymous_17)
FNDA:1296,(anonymous_18)
FNDA:0,(anonymous_19)
DA:54,152
DA:65,4324
DA:71,2641
DA:84,37
DA:85,37
DA:86,37
DA:88,37
DA:91,37
DA:96,37
DA:97,10
DA:98,14
DA:103,37
DA:109,37
DA:110,5
DA:116,5
DA:118,2
DA:126,2
DA:127,2
DA:128,2
DA:131,2
DA:132,1
DA:144,3
DA:145,3
DA:146,3
DA:148,3
DA:149,3
DA:155,3
DA:158,3
DA:159,1
DA:171,2
DA:180,2
DA:181,2
DA:182,2
DA:185,2
DA:186,1
DA:200,34
DA:204,3
DA:208,37
DA:209,37
DA:213,37
DA:217,37
DA:218,32
DA:227,34
DA:228,32
DA:237,37
DA:240,2
DA:247,2
DA:250,32
DA:268,32
DA:269,32
DA:273,34
DA:275,3
DA:276,2
DA:279,2
DA:281,3
DA:282,3
DA:283,3
DA:284,3
DA:289,3
DA:293,391
DA:294,391
DA:297,34
DA:300,2
DA:301,3
DA:311,33
DA:312,2
DA:314,31
DA:316,33
DA:318,33
DA:321,389
DA:343,1296
DA:354,1296
DA:364,0
DA:368,0
LF:74
LH:72
BRDA:96,0,0,10
BRDA:96,0,1,27
BRDA:96,1,0,37
BRDA:96,1,1,10
BRDA:109,2,0,5
BRDA:109,2,1,32
BRDA:116,3,0,2
BRDA:116,3,1,3
BRDA:131,4,0,1
BRDA:131,4,1,1
BRDA:158,5,0,1
BRDA:158,5,1,2
BRDA:185,6,0,1
BRDA:185,6,1,1
BRDA:200,7,0,2
BRDA:200,7,1,32
BRDA:213,8,0,2
BRDA:213,8,1,32
BRDA:217,9,0,32
BRDA:217,9,1,5
BRDA:220,10,0,1
BRDA:227,11,0,32
BRDA:227,11,1,2
BRDA:237,12,0,2
BRDA:237,12,1,32
BRDA:237,13,0,37
BRDA:237,13,1,2
BRDA:273,14,0,2
BRDA:273,14,1,32
BRDA:273,15,0,34
BRDA:273,15,1,2
BRDA:273,15,2,2
BRDA:282,16,0,3
BRDA:282,16,1,0
BRDA:297,17,0,2
BRDA:297,17,1,32
BRDA:311,18,0,2
BRDA:311,18,1,31
BRDA:311,19,0,33
BRDA:311,19,1,2
BRDA:314,20,0,31
BRDA:314,20,1,7
BRDA:354,21,0,1
BRDA:354,21,1,1295
BRF:44
BRH:43
end_of_record
TN:
SF:src/core/tags/adapters/remove-tags-record.strategy.adapter.ts
FN:17,(anonymous_0)
FN:27,(anonymous_1)
FNF:2
FNH:2
FNDA:76,(anonymous_0)
FNDA:9,(anonymous_1)
DA:24,76
DA:34,9
DA:38,9
LF:3
LH:3
BRF:0
BRH:0
end_of_record
TN:
SF:src/core/tags/adapters/tags.service.adapter.ts
FN:34,(anonymous_0)
FN:55,(anonymous_1)
FN:66,(anonymous_2)
FN:101,(anonymous_3)
FN:112,(anonymous_4)
FN:123,(anonymous_5)
FN:134,(anonymous_6)
FN:169,(anonymous_7)
FN:179,(anonymous_8)
FN:231,(anonymous_9)
FN:259,(anonymous_10)
FN:262,(anonymous_11)
FN:272,(anonymous_12)
FNF:13
FNH:11
FNDA:76,(anonymous_0)
FNDA:1292,(anonymous_1)
FNDA:1292,(anonymous_2)
FNDA:28,(anonymous_3)
FNDA:3,(anonymous_4)
FNDA:5,(anonymous_5)
FNDA:5,(anonymous_6)
FNDA:19,(anonymous_7)
FNDA:19,(anonymous_8)
FNDA:7,(anonymous_9)
FNDA:260,(anonymous_10)
FNDA:0,(anonymous_11)
FNDA:0,(anonymous_12)
DA:51,76
DA:62,1292
DA:65,1292
DA:66,1292
DA:67,1292
DA:71,1291
DA:76,1291
DA:85,1291
DA:88,1
DA:90,1292
DA:92,1292
DA:93,1
DA:97,1291
DA:108,28
DA:119,3
DA:130,5
DA:133,5
DA:134,5
DA:135,5
DA:139,5
DA:144,3
DA:153,3
DA:156,2
DA:158,5
DA:160,5
DA:161,2
DA:165,3
DA:176,19
DA:178,19
DA:179,19
DA:180,19
DA:186,16
DA:192,16
DA:198,16
DA:204,16
DA:210,16
DA:221,3
DA:223,19
DA:225,19
DA:226,3
DA:238,7
DA:239,7
DA:247,7
DA:248,7
DA:249,2
DA:257,2
DA:259,260
DA:269,0
DA:279,0
LF:49
LH:47
BRDA:88,0,0,1
BRDA:92,1,0,1
BRDA:92,1,1,1291
BRDA:156,2,0,2
BRDA:160,3,0,2
BRDA:160,3,1,3
BRDA:221,4,0,3
BRDA:225,5,0,3
BRDA:225,5,1,16
BRF:9
BRH:9
end_of_record
TN:
SF:src/core/tags/constants/tags.constants.ts
FNF:0
FNH:0
DA:3,8
DA:4,8
DA:5,8
DA:6,8
DA:7,8
LF:5
LH:5
BRF:0
BRH:0
end_of_record
TN:
SF:src/core/tags/controllers/export-tags.controller.ts
FN:26,(anonymous_0)
FN:48,(anonymous_1)
FNF:2
FNH:2
FNDA:787,(anonymous_0)
FNDA:2,(anonymous_1)
DA:33,787
DA:52,2
DA:53,2
DA:57,2
LF:4
LH:4
BRF:0
BRH:0
end_of_record
TN:
SF:src/core/tags/controllers/tags.controller.ts
FN:60,(anonymous_0)
FN:86,(anonymous_1)
FN:110,(anonymous_2)
FN:119,(anonymous_3)
FN:141,(anonymous_4)
FN:176,(anonymous_5)
FN:213,(anonymous_6)
FN:240,(anonymous_7)
FN:257,(anonymous_8)
FNF:9
FNH:9
FNDA:787,(anonymous_0)
FNDA:1292,(anonymous_1)
FNDA:18,(anonymous_2)
FNDA:21,(anonymous_3)
FNDA:3,(anonymous_4)
FNDA:5,(anonymous_5)
FNDA:10,(anonymous_6)
FNDA:7,(anonymous_7)
FNDA:6,(anonymous_8)
DA:52,8
DA:69,787
DA:91,1292
DA:92,1292
DA:96,1291
DA:114,18
DA:118,17
DA:119,21
DA:146,3
DA:153,1
DA:182,5
DA:183,5
DA:192,3
DA:218,10
DA:244,7
DA:245,1
DA:247,6
DA:249,6
DA:256,6
DA:257,6
LF:20
LH:20
BRDA:244,0,0,1
BRDA:244,0,1,6
BRF:2
BRH:2
end_of_record
TN:
SF:src/core/tags/dtos/create-tag.request.body.dto.ts
FNF:0
FNH:0
DA:5,8
LF:1
LH:1
BRF:0
BRH:0
end_of_record
TN:
SF:src/core/tags/dtos/export-tags.request.query.dto.ts
FNF:0
FNH:0
DA:6,0
LF:1
LH:0
BRF:0
BRH:0
end_of_record
TN:
SF:src/core/tags/dtos/export-tags.response.dto.ts
FN:10,(anonymous_0)
FNF:1
FNH:1
FNDA:8,(anonymous_0)
DA:5,8
DA:11,2
LF:2
LH:2
BRF:0
BRH:0
end_of_record
TN:
SF:src/core/tags/dtos/find-all-tags.request.query.dto.ts
FNF:0
FNH:0
DA:4,8
LF:1
LH:1
BRF:0
BRH:0
end_of_record
TN:
SF:src/core/tags/dtos/partial-update-tag.request.body.dto.ts
FNF:0
FNH:0
DA:5,8
LF:1
LH:1
BRF:0
BRH:0
end_of_record
TN:
SF:src/core/tags/dtos/remove-tag.request.body.dto.ts
FNF:0
FNH:0
DA:5,8
LF:1
LH:1
BRF:0
BRH:0
end_of_record
TN:
SF:src/core/tags/dtos/system-find-all-tags.request.query.dto.ts
FNF:0
FNH:0
DA:6,8
LF:1
LH:1
BRF:0
BRH:0
end_of_record
TN:
SF:src/core/tags/dtos/tag.response.dto.ts
FN:9,(anonymous_0)
FNF:1
FNH:1
FNDA:8,(anonymous_0)
DA:6,8
DA:10,1306
LF:2
LH:2
BRF:0
BRH:0
end_of_record
TN:
SF:src/core/tags/dtos/tags-page.response.dto.ts
FN:13,(anonymous_0)
FNF:1
FNH:1
FNDA:8,(anonymous_0)
DA:7,8
DA:14,23
LF:2
LH:2
BRF:0
BRH:0
end_of_record
TN:
SF:src/core/tags/entities/export-tags-request.entity.ts
FN:15,(anonymous_0)
FN:19,(anonymous_1)
FN:25,(anonymous_2)
FNF:3
FNH:3
FNDA:8,(anonymous_0)
FNDA:2,(anonymous_1)
FNDA:2,(anonymous_2)
DA:7,8
DA:16,2
DA:20,2
DA:26,2
LF:4
LH:4
BRF:0
BRH:0
end_of_record
TN:
SF:src/core/tags/entities/find-all-tags-request.entity.ts
FN:8,(anonymous_0)
FN:23,(anonymous_1)
FNF:2
FNH:2
FNDA:8,(anonymous_0)
FNDA:8,(anonymous_1)
DA:8,8
DA:13,8
DA:24,44
LF:3
LH:3
BRF:0
BRH:0
end_of_record
TN:
SF:src/core/tags/entities/find-by-id-tag-request.entity.ts
FN:11,(anonymous_0)
FNF:1
FNH:1
FNDA:8,(anonymous_0)
DA:5,8
DA:12,3
LF:2
LH:2
BRF:0
BRH:0
end_of_record
TN:
SF:src/core/tags/entities/find-by-name-tag-request.entity.ts
FN:11,(anonymous_0)
FNF:1
FNH:1
FNDA:8,(anonymous_0)
DA:5,8
DA:14,1280
LF:2
LH:2
BRF:0
BRH:0
end_of_record
TN:
SF:src/core/tags/entities/partial-update-tag-request.entity.ts
FN:24,(anonymous_0)
FNF:1
FNH:1
FNDA:8,(anonymous_0)
DA:7,8
DA:14,8
DA:27,5
LF:3
LH:3
BRF:0
BRH:0
end_of_record
TN:
SF:src/core/tags/entities/remove-tag-request.entity.ts
FN:12,(anonymous_0)
FNF:1
FNH:1
FNDA:8,(anonymous_0)
DA:6,8
DA:13,19
LF:2
LH:2
BRF:0
BRH:0
end_of_record
TN:
SF:src/core/tags/entities/tag.entity.ts
FN:23,(anonymous_0)
FNF:1
FNH:1
FNDA:8,(anonymous_0)
DA:5,8
DA:24,3096
LF:2
LH:2
BRF:0
BRH:0
end_of_record
TN:
SF:src/core/tags/entities/tags-page.entity.ts
FN:13,(anonymous_0)
FNF:1
FNH:1
FNDA:8,(anonymous_0)
DA:7,8
DA:14,36
LF:2
LH:2
BRF:0
BRH:0
end_of_record
TN:
SF:src/core/tags/lazy-adapters/export-tags-scheduler.service.lazy.adapter.ts
FN:7,(anonymous_0)
FN:9,(anonymous_1)
FNF:2
FNH:2
FNDA:787,(anonymous_0)
FNDA:2,(anonymous_1)
DA:7,787
DA:12,2
DA:13,2
LF:3
LH:3
BRF:0
BRH:0
end_of_record
TN:
SF:src/core/tags/lazy-adapters/export-tags.strategy.lazy.adapter.ts
FN:7,(anonymous_0)
FN:9,(anonymous_1)
FN:13,(anonymous_2)
FNF:3
FNH:2
FNDA:787,(anonymous_0)
FNDA:0,(anonymous_1)
FNDA:2,(anonymous_2)
DA:7,787
DA:10,0
DA:16,2
DA:17,2
LF:4
LH:3
BRF:0
BRH:0
end_of_record
TN:
SF:src/core/tags/lazy-adapters/remove-tags-record.strategy.lazy.adapter.ts
FN:7,(anonymous_0)
FN:9,(anonymous_1)
FNF:2
FNH:2
FNDA:787,(anonymous_0)
FNDA:9,(anonymous_1)
DA:7,787
DA:12,9
DA:13,9
LF:3
LH:3
BRF:0
BRH:0
end_of_record
TN:
SF:src/core/tags/lazy-adapters/tags.repository.lazy.adapter.ts
FN:7,(anonymous_0)
FN:9,(anonymous_1)
FN:16,(anonymous_2)
FN:21,(anonymous_3)
FN:28,(anonymous_4)
FN:35,(anonymous_5)
FN:42,(anonymous_6)
FN:49,(anonymous_7)
FN:56,(anonymous_8)
FN:63,(anonymous_9)
FNF:10
FNH:2
FNDA:787,(anonymous_0)
FNDA:2513,(anonymous_1)
FNDA:0,(anonymous_2)
FNDA:0,(anonymous_3)
FNDA:0,(anonymous_4)
FNDA:0,(anonymous_5)
FNDA:0,(anonymous_6)
FNDA:0,(anonymous_7)
FNDA:0,(anonymous_8)
FNDA:0,(anonymous_9)
DA:7,787
DA:12,2513
DA:13,2513
DA:17,0
DA:18,0
DA:24,0
DA:25,0
DA:31,0
DA:32,0
DA:38,0
DA:39,0
DA:45,0
DA:46,0
DA:52,0
DA:53,0
DA:59,0
DA:60,0
DA:66,0
DA:67,0
LF:19
LH:3
BRF:0
BRH:0
end_of_record
TN:
SF:src/core/tags/lazy-adapters/tags.service.lazy.adapter.ts
FN:7,(anonymous_0)
FN:9,(anonymous_1)
FN:16,(anonymous_2)
FN:23,(anonymous_3)
FN:30,(anonymous_4)
FN:37,(anonymous_5)
FN:44,(anonymous_6)
FN:51,(anonymous_7)
FN:58,(anonymous_8)
FNF:9
FNH:7
FNDA:787,(anonymous_0)
FNDA:1287,(anonymous_1)
FNDA:24,(anonymous_2)
FNDA:3,(anonymous_3)
FNDA:5,(anonymous_4)
FNDA:10,(anonymous_5)
FNDA:7,(anonymous_6)
FNDA:0,(anonymous_7)
FNDA:0,(anonymous_8)
DA:7,787
DA:12,1287
DA:13,1287
DA:19,24
DA:20,24
DA:26,3
DA:27,3
DA:33,5
DA:34,5
DA:40,10
DA:41,10
DA:47,7
DA:48,7
DA:54,0
DA:55,0
DA:61,0
DA:62,0
LF:17
LH:13
BRF:0
BRH:0
end_of_record
TN:
SF:src/core/tags/modules/tags.lazy.module.loader.ts
FN:23,(anonymous_0)
FN:29,(anonymous_1)
FN:34,(anonymous_2)
FN:36,(anonymous_3)
FN:39,(anonymous_4)
FN:52,(anonymous_5)
FN:57,(anonymous_6)
FN:62,(anonymous_7)
FN:67,(anonymous_8)
FN:72,(anonymous_9)
FNF:10
FNH:10
FNDA:787,(anonymous_0)
FNDA:3977,(anonymous_1)
FNDA:76,(anonymous_2)
FNDA:76,(anonymous_3)
FNDA:76,(anonymous_4)
FNDA:2623,(anonymous_5)
FNDA:1341,(anonymous_6)
FNDA:2,(anonymous_7)
FNDA:2,(anonymous_8)
FNDA:9,(anonymous_9)
DA:20,787
DA:21,787
DA:24,787
DA:26,787
DA:30,3977
DA:31,177
DA:33,76
DA:34,76
DA:35,76
DA:36,76
DA:39,76
DA:40,76
DA:41,76
DA:42,76
DA:43,76
DA:45,76
DA:49,76
DA:53,2623
DA:54,2623
DA:58,1341
DA:59,1341
DA:63,2
DA:64,2
DA:68,2
DA:69,2
DA:73,9
DA:74,9
LF:27
LH:27
BRDA:30,0,0,3800
BRDA:30,0,1,177
BRDA:31,1,0,101
BRDA:31,1,1,76
BRF:4
BRH:4
end_of_record
TN:
SF:src/core/tags/modules/tags.lazy.module.ts
FN:21,(anonymous_0)
FN:35,(anonymous_1)
FNF:2
FNH:2
FNDA:787,(anonymous_0)
FNDA:787,(anonymous_1)
DA:22,787
DA:26,0
DA:28,787
DA:36,787
DA:40,0
DA:42,787
LF:6
LH:4
BRDA:22,0,0,0
BRDA:22,0,1,787
BRDA:22,1,0,787
BRDA:22,1,1,787
BRDA:36,2,0,0
BRDA:36,2,1,787
BRDA:36,3,0,787
BRDA:36,3,1,787
BRF:8
BRH:6
end_of_record
TN:
SF:src/core/tags/modules/tags.module.ts
FN:34,(anonymous_0)
FN:41,(anonymous_1)
FN:45,(anonymous_2)
FN:54,(anonymous_3)
FNF:4
FNH:2
FNDA:76,(anonymous_0)
FNDA:0,(anonymous_1)
FNDA:0,(anonymous_2)
FNDA:8,(anonymous_3)
DA:36,76
DA:38,76
DA:42,0
DA:46,0
DA:47,0
DA:48,0
DA:50,0
DA:55,76
DA:56,76
DA:58,76
LF:10
LH:5
BRDA:47,0,0,0
BRDA:47,0,1,0
BRF:2
BRH:0
end_of_record
TN:
SF:src/core/tags/policies/tag-name-is-unique.policy.ts
FN:9,(anonymous_0)
FN:14,(anonymous_1)
FNF:2
FNH:2
FNDA:76,(anonymous_0)
FNDA:1297,(anonymous_1)
DA:11,76
DA:15,1297
DA:16,1
DA:18,1296
DA:22,1296
DA:23,1
LF:6
LH:6
BRDA:15,0,0,1
BRDA:15,0,1,1296
BRDA:22,1,0,1
BRDA:22,1,1,1295
BRF:4
BRH:4
end_of_record
TN:
SF:src/core/tags/policies/tags-can-be-shared-between-leaf-organizations.policy.ts
FN:7,(anonymous_0)
FNF:1
FNH:1
FNDA:2673,(anonymous_0)
DA:8,2673
DA:10,2673
DA:11,2
DA:13,2671
LF:4
LH:4
BRDA:10,0,0,2
BRDA:10,0,1,2671
BRDA:10,1,0,2673
BRDA:10,1,1,2673
BRF:4
BRH:4
end_of_record
TN:
SF:src/core/tags/ports/export-tags-scheduler.service.port.ts
FNF:0
FNH:0
LF:0
LH:0
BRF:0
BRH:0
end_of_record
TN:
SF:src/core/tags/ports/tags.repository.port.ts
FNF:0
FNH:0
LF:0
LH:0
BRF:0
BRH:0
end_of_record
TN:
SF:src/core/tags/ports/tags.service.port.ts
FNF:0
FNH:0
LF:0
LH:0
BRF:0
BRH:0
end_of_record
TN:
SF:src/core/tags/ports/tags.to-entity.port.ts
FNF:0
FNH:0
LF:0
LH:0
BRF:0
BRH:0
end_of_record
TN:
SF:src/core/utils/array.utils.ts
FN:1,zipArrays
FNF:1
FNH:1
FNDA:610,zipArrays
DA:2,610
DA:3,610
DA:4,1227
DA:6,610
LF:4
LH:4
BRF:0
BRH:0
end_of_record
TN:
SF:src/core/utils/clone.utils.ts
FNF:0
FNH:0
LF:0
LH:0
BRF:0
BRH:0
end_of_record
TN:
SF:src/core/utils/create-resource.utils.ts
FN:12,(anonymous_0)
FNF:1
FNH:1
FNDA:6,(anonymous_0)
DA:6,6
DA:13,68
LF:2
LH:2
BRF:0
BRH:0
end_of_record
TN:
SF:src/core/utils/db.utils.ts
FN:1,(anonymous_0)
FNF:1
FNH:1
FNDA:8,(anonymous_0)
DA:1,8
LF:1
LH:1
BRF:0
BRH:0
end_of_record
TN:
SF:src/core/utils/lazy.utils.ts
FNF:0
FNH:0
DA:1,8
LF:1
LH:1
BRF:0
BRH:0
end_of_record
TN:
SF:src/core/utils/math.utils.ts
FN:1,bigIntAbs
FNF:1
FNH:1
FNDA:5,bigIntAbs
DA:2,5
LF:1
LH:1
BRDA:2,0,0,2
BRDA:2,0,1,3
BRF:2
BRH:2
end_of_record
TN:
SF:src/core/utils/money.utils.ts
FN:3,formatCurrencyInBrl
FNF:1
FNH:1
FNDA:92,formatCurrencyInBrl
DA:4,92
LF:1
LH:1
BRDA:3,0,0,92
BRDA:6,1,0,92
BRF:2
BRH:2
end_of_record
TN:
SF:src/core/utils/ofx.utils.ts
FN:15,parseOfxTransactionsFallback1
FN:39,(anonymous_1)
FN:58,getTagValue
FNF:3
FNH:3
FNDA:1,parseOfxTransactionsFallback1
FNDA:338,(anonymous_1)
FNDA:2029,getTagValue
DA:16,1
DA:19,1
DA:22,1
DA:27,1
DA:33,1
DA:39,1
DA:40,338
DA:48,338
DA:51,1
DA:59,2029
DA:60,2029
DA:61,2029
LF:12
LH:12
BRDA:61,0,0,2029
BRDA:61,0,1,676
BRF:2
BRH:2
end_of_record
TN:
SF:src/core/utils/pix.utils.ts
FN:11,parsePixKey
FN:60,(anonymous_1)
FNF:2
FNH:2
FNDA:157,parsePixKey
FNDA:56,(anonymous_1)
DA:12,157
DA:15,157
DA:17,157
DA:20,157
DA:21,157
DA:24,157
DA:28,157
DA:30,157
DA:31,155
DA:32,153
DA:33,151
DA:34,4
DA:36,2
DA:58,8
DA:61,56
DA:62,56
DA:63,56
DA:65,1
LF:18
LH:18
BRDA:30,0,0,2
BRDA:30,0,1,155
BRDA:31,1,0,2
BRDA:31,1,1,153
BRDA:32,2,0,2
BRDA:32,2,1,151
BRDA:33,3,0,147
BRDA:33,3,1,4
BRDA:34,4,0,2
BRDA:34,4,1,2
BRF:10
BRH:10
end_of_record
TN:
SF:src/core/utils/remove-resource.utils.ts
FN:11,(anonymous_0)
FNF:1
FNH:1
FNDA:5,(anonymous_0)
DA:6,5
DA:12,21
LF:2
LH:2
BRF:0
BRH:0
end_of_record
TN:
SF:src/core/utils/resources.utils.ts
FN:27,getResourceDisplayName
FN:50,mapCoreApiResourceToWebsocketEventsResource
FNF:2
FNH:2
FNDA:20,getResourceDisplayName
FNDA:159,mapCoreApiResourceToWebsocketEventsResource
DA:12,8
DA:25,8
DA:28,20
DA:30,4
DA:32,4
DA:34,2
DA:36,2
DA:38,2
DA:40,2
DA:42,2
DA:44,2
DA:46,0
DA:53,159
DA:55,35
DA:57,45
DA:59,11
DA:64,13
DA:66,11
DA:68,21
DA:70,13
DA:72,0
LF:21
LH:19
BRDA:28,0,0,4
BRDA:28,0,1,4
BRDA:28,0,2,2
BRDA:28,0,3,2
BRDA:28,0,4,2
BRDA:28,0,5,2
BRDA:28,0,6,2
BRDA:28,0,7,2
BRDA:28,0,8,0
BRDA:53,1,0,35
BRDA:53,1,1,45
BRDA:53,1,2,11
BRDA:53,1,3,13
BRDA:53,1,4,11
BRDA:53,1,5,21
BRDA:53,1,6,13
BRDA:53,1,7,0
BRF:17
BRH:15
end_of_record
TN:
SF:src/core/utils/sort.utils.ts
FN:1,(anonymous_0)
FNF:1
FNH:1
FNDA:8,(anonymous_0)
DA:1,8
LF:1
LH:1
BRF:0
BRH:0
end_of_record
TN:
SF:src/core/utils/text-variations.utils.ts
FN:4,generateTextVariantionsForMoneyAmountInBrl
FN:36,generateTextVariationsForDate
FN:44,generateTextVariationsForBankTransactionType
FN:59,generateContactHints
FN:80,(anonymous_4)
FN:105,generateSubcategoryHints
FN:117,(anonymous_6)
FN:127,(anonymous_7)
FN:134,generateBankAccountHints
FN:146,(anonymous_9)
FN:157,generateTagsHints
FN:170,(anonymous_11)
FNF:12
FNH:12
FNDA:2954,generateTextVariantionsForMoneyAmountInBrl
FNDA:2858,generateTextVariationsForDate
FNDA:1066,generateTextVariationsForBankTransactionType
FNDA:944,generateContactHints
FNDA:2108,(anonymous_4)
FNDA:944,generateSubcategoryHints
FNDA:946,(anonymous_6)
FNDA:2487,(anonymous_7)
FNDA:944,generateBankAccountHints
FNDA:1265,(anonymous_9)
FNDA:944,generateTagsHints
FNDA:4888,(anonymous_11)
DA:6,2954
DA:7,2954
DA:8,2954
DA:11,2954
DA:14,2954
DA:17,2954
DA:18,295
DA:19,295
DA:20,2659
DA:21,2361
DA:25,2954
DA:26,2152
DA:27,1862
DA:29,290
DA:33,2954
DA:37,2858
DA:39,2858
DA:41,2858
DA:45,1066
DA:47,1066
DA:49,560
DA:50,560
DA:52,506
DA:53,506
DA:56,1066
DA:72,944
DA:75,944
DA:76,944
DA:77,944
DA:80,2108
DA:81,944
DA:85,944
DA:86,894
DA:88,894
DA:89,894
DA:93,944
DA:94,894
DA:98,944
DA:99,894
DA:102,944
DA:109,944
DA:111,944
DA:112,944
DA:113,944
DA:117,946
DA:121,944
DA:122,944
DA:123,944
DA:127,2487
DA:131,944
DA:138,944
DA:140,944
DA:141,492
DA:142,492
DA:146,1265
DA:150,944
DA:151,492
DA:154,944
DA:158,944
DA:159,159
DA:162,785
DA:164,785
DA:165,1222
DA:166,1222
DA:170,4888
DA:174,785
LF:66
LH:66
BRDA:17,0,0,295
BRDA:17,0,1,2659
BRDA:20,1,0,2361
BRDA:20,1,1,298
BRDA:25,2,0,2152
BRDA:25,2,1,802
BRDA:26,3,0,1862
BRDA:26,3,1,290
BRDA:47,4,0,560
BRDA:47,4,1,506
BRDA:75,5,0,944
BRDA:75,5,1,0
BRDA:85,6,0,894
BRDA:85,6,1,50
BRDA:93,7,0,894
BRDA:93,7,1,50
BRDA:98,8,0,894
BRDA:98,8,1,50
BRDA:102,9,0,944
BRDA:111,10,0,944
BRDA:111,10,1,0
BRDA:121,11,0,944
BRDA:121,11,1,0
BRDA:131,12,0,944
BRDA:140,13,0,492
BRDA:140,13,1,452
BRDA:150,14,0,492
BRDA:150,14,1,452
BRDA:154,15,0,492
BRDA:154,15,1,452
BRDA:158,16,0,159
BRDA:158,16,1,785
BRF:32
BRH:29
end_of_record
TN:
SF:src/core/utils/update-resource.utils.ts
FNF:0
FNH:0
LF:0
LH:0
BRF:0
BRH:0
end_of_record
TN:
SF:src/core/utils/zod.utils.ts
FN:3,isNotNullish
FN:7,(anonymous_1)
FN:9,(anonymous_2)
FNF:3
FNH:3
FNDA:124,isNotNullish
FNDA:458,(anonymous_1)
FNDA:403,(anonymous_2)
DA:4,124
DA:7,8
DA:8,458
DA:9,403
DA:11,69
LF:5
LH:5
BRDA:4,0,0,124
BRDA:4,0,1,121
BRDA:8,1,0,389
BRDA:8,1,1,69
BRF:4
BRH:4
end_of_record
